[Licensing::Module] Trying to connect to existing licensing client channel...
Built from '6000.3/staging' branch; Version is '6000.3.10f1 (e35f0c77bd8e) revision 14901004'; Using compiler version '194234433'; Build Type 'Release'
OS: 'Windows 11  (10.0.26200) Core' Language: 'pl' Physical Memory: 31887 MB
[Licensing::IpcConnector] Successfully connected to: "LicenseClient-piotr" at "2026-03-12T07:28:10.8036509Z"
BatchMode: 1, IsHumanControllingUs: 0, StartBugReporterOnCrash: 0, Is64bit: 1
System  architecture: x64
Process architecture: x64
Date: 2026-03-12T07:28:10Z

COMMAND LINE ARGUMENTS:
C:\Program Files\Unity\Hub\Editor\6000.3.10f1\Editor\Unity.exe
-adb2
-batchMode
-noUpm
-name
AssetImportWorker5
-projectPath
C:/Users/piotr/Desktop/UNITY/asteroids-demo-yt
-logFile
Logs/AssetImportWorker5.log
-srvPort
54335
-licensingIpc
LicenseClient-piotr
-job-worker-count
7
-background-job-worker-count
8
-gc-helper-count
1
-name
AssetImport
Successfully changed project path to: C:/Users/piotr/Desktop/UNITY/asteroids-demo-yt
C:/Users/piotr/Desktop/UNITY/asteroids-demo-yt
[UnityMemory] Configuration Parameters - Can be set up in boot.config
    "memorysetup-temp-allocator-size-nav-mesh-worker=65536"
    "memorysetup-temp-allocator-size-audio-worker=65536"
    "memorysetup-temp-allocator-size-gfx=262144"
    "memorysetup-allocator-temp-initial-block-size-main=262144"
    "memorysetup-allocator-temp-initial-block-size-worker=262144"
    "memorysetup-temp-allocator-size-background-worker=32768"
    "memorysetup-temp-allocator-size-job-worker=262144"
    "memorysetup-temp-allocator-size-preload-manager=33554432"
    "memorysetup-temp-allocator-size-gi-baking-worker=262144"
    "memorysetup-temp-allocator-size-gi-baking-worker=262144"
    "memorysetup-temp-allocator-size-gi-baking-worker=262144"
    "memorysetup-temp-allocator-size-gi-baking-worker=262144"
    "memorysetup-temp-allocator-size-gi-baking-worker=262144"
    "memorysetup-bucket-allocator-granularity=16"
    "memorysetup-bucket-allocator-bucket-count=8"
    "memorysetup-bucket-allocator-block-size=33554432"
    "memorysetup-bucket-allocator-block-count=8"
    "memorysetup-main-allocator-block-size=16777216"
    "memorysetup-thread-allocator-block-size=16777216"
    "memorysetup-gfx-main-allocator-block-size=16777216"
    "memorysetup-gfx-thread-allocator-block-size=16777216"
    "memorysetup-cache-allocator-block-size=4194304"
    "memorysetup-typetree-allocator-block-size=2097152"
    "memorysetup-profiler-bucket-allocator-granularity=16"
    "memorysetup-profiler-bucket-allocator-bucket-count=8"
    "memorysetup-profiler-bucket-allocator-block-size=33554432"
    "memorysetup-profiler-bucket-allocator-block-count=8"
    "memorysetup-profiler-allocator-block-size=16777216"
    "memorysetup-profiler-editor-allocator-block-size=1048576"
    "memorysetup-temp-allocator-size-main=16777216"
    "memorysetup-job-temp-allocator-block-size=2097152"
    "memorysetup-job-temp-allocator-block-size-background=1048576"
    "memorysetup-job-temp-allocator-reduction-small-platforms=262144"
    "memorysetup-temp-allocator-size-cloud-worker=32768"
Player connection [1836]  Target information:

Player connection [1836]  * "[IP] 192.168.1.185 [Port] 0 [Flags] 2 [Guid] 1688048076 [EditorId] 1688048076 [Version] 1048832 [Id] WindowsEditor(7,Kombajn_piotrek) [Debug] 1 [PackageName] WindowsEditor [ProjectName] Editor" 

Player connection [1836] Host joined multi-casting on [225.0.0.222:54997]...
Player connection [1836] Host joined alternative multi-casting on [225.0.0.222:34997]...
JobSystem: Creating JobQueue using job-worker-count value 7
Input System module state changed to: Initialized.
[Physics::Module] Initialized fallback backend.
[Physics::Module] Id: 0xdecafbad
Library Redirect Path: Library/
[Physics::Module] Selected backend.
[Physics::Module] Name: PhysX
[Physics::Module] Id: 0xf2b8ea05
[Physics::Module] SDK Version: 4.1.2
[Physics::Module] Integration Version: 1.0.0
[Physics::Module] Threading Mode: Multi-Threaded
Refreshing native plugins compatible for Editor in 75.02 ms, found 4 plugins.
Preloading 0 native plugins for Editor in 0.00 ms.
Initialize engine version: 6000.3.10f1 (e35f0c77bd8e)
[Subsystems] Discovering subsystems at path C:/Program Files/Unity/Hub/Editor/6000.3.10f1/Editor/Data/Resources/UnitySubsystems
[Subsystems] Discovering subsystems at path C:/Users/piotr/Desktop/UNITY/asteroids-demo-yt/Assets
GfxDevice: creating device client; kGfxThreadingModeNonThreaded
Direct3D:
    Version:  Direct3D 11.0 [level 11.1]
    Renderer: NVIDIA GeForce RTX 5080 (ID=0x2c02)
    Vendor:   NVIDIA
    VRAM:     15977 MB
    Driver:   32.0.15.9571
Shader 'TextMeshPro/Distance Field SSD': fallback shader 'TextMeshPro/Mobile/Distance Field' not found
Shader 'TextMeshPro/Distance Field': fallback shader 'TextMeshPro/Mobile/Distance Field' not found
Shader 'TextMeshPro/Distance Field Overlay': fallback shader 'TextMeshPro/Mobile/Distance Field' not found
Initialize mono
Mono path[0] = 'C:/Program Files/Unity/Hub/Editor/6000.3.10f1/Editor/Data/Managed'
Mono path[1] = 'C:/Program Files/Unity/Hub/Editor/6000.3.10f1/Editor/Data/MonoBleedingEdge/lib/mono/unityjit-win32'
Mono config path = 'C:/Program Files/Unity/Hub/Editor/6000.3.10f1/Editor/Data/MonoBleedingEdge/etc'
Using monoOptions --debugger-agent=transport=dt_socket,embedding=1,server=y,suspend=n,address=127.0.0.1:56660
[Licensing::Client] Handshaking with LicensingClient:
  Version:                 1.17.4+4293ba1
  Session Id:              fa1d5aa0e3bf4454a1019fcc0faa4d8e
  Correlation Id:          f081d6157c2908c12f757cb750cfdbaa
  External correlation Id: 5783554427971198898
  Machine Id:              zyBeOYHJWJ1cBqWZkwmfIUahB5I=
[Licensing::Module] Successfully connected to LicensingClient on channel: "LicenseClient-piotr" (connect: 0.00s, validation: 0.00s, handshake: 0.78s)
[Licensing::IpcConnector] Successfully connected to: "LicenseClient-piotr-notifications" at "2026-03-12T07:28:11.5861789Z"
[Licensing::Module] Licensing Background thread has ended after 0.78s
Begin MonoManager ReloadAssembly
Registering precompiled unity dll's ...
Register platform support module: C:/Program Files/Unity/Hub/Editor/6000.3.10f1/Editor/Data/PlaybackEngines/WindowsStandaloneSupport/UnityEditor.WindowsStandalone.Extensions.dll
Registered in 0.001319 seconds.
- Loaded All Assemblies, in  0.786 seconds
Native extension for WindowsStandalone target not found
ScheduleIndexationOnStartup MainProcess:False IndexOnStartup:True
Mono: successfully reloaded assembly
- Finished resetting the current domain, in  0.303 seconds
Domain Reload Profiling: 1088ms
	BeginReloadAssembly (91ms)
		ExecutionOrderSort (0ms)
		DisableScriptedObjects (0ms)
		BackupInstance (0ms)
		ReleaseScriptingObjects (0ms)
		CreateAndSetChildDomain (0ms)
	RebuildCommonClasses (143ms)
	RebuildNativeTypeToScriptingClass (10ms)
	initialDomainReloadingComplete (33ms)
	LoadAllAssembliesAndSetupDomain (507ms)
		LoadAssemblies (88ms)
		RebuildTransferFunctionScriptingTraits (0ms)
		AnalyzeDomain (505ms)
			TypeCache.Refresh (504ms)
				TypeCache.ScanAssembly (351ms)
			BuildScriptInfoCaches (0ms)
			ResolveRequiredComponents (0ms)
	FinalizeReload (304ms)
		ReleaseScriptCaches (0ms)
		RebuildScriptCaches (0ms)
		SetupLoadedEditorAssemblies (270ms)
			LogAssemblyErrors (0ms)
			InitializePlatformSupportModulesInManaged (35ms)
			SetLoadedEditorAssemblies (3ms)
			BeforeProcessingInitializeOnLoad (61ms)
			ProcessInitializeOnLoadAttributes (116ms)
			ProcessInitializeOnLoadMethodAttributes (55ms)
			AfterProcessingInitializeOnLoad (0ms)
			EditorAssembliesLoaded (0ms)
		ExecutionOrderSort2 (0ms)
		AwakeInstancesAfterBackupRestoration (0ms)
========================================================================
Worker process is ready to serve import requests
Import Worker Mode flag is 0x00
Begin MonoManager ReloadAssembly
[Licensing::Client] Successfully resolved entitlement details
[Licensing::Module] License group:
  Id: 1375834625606-UnityPersXXXX
  Product: Unity Personal
  Type: Assigned
  Expiration: Unlimited
- Loaded All Assemblies, in  0.625 seconds
Refreshing native plugins compatible for Editor in 1.40 ms, found 4 plugins.
Native extension for WindowsStandalone target not found
Package Manager log level set to [2]
[Package Manager] Failed to launch server process. Reason: Unity was launched with the -noUpm command-line argument
[Package Manager] Unable to send message (not connected to server process).
[Package Manager] Cannot connect to Unity Package Manager local server
ScheduleIndexationOnStartup MainProcess:False IndexOnStartup:True
Mono: successfully reloaded assembly
- Finished resetting the current domain, in  0.704 seconds
Domain Reload Profiling: 1324ms
	BeginReloadAssembly (131ms)
		ExecutionOrderSort (0ms)
		DisableScriptedObjects (4ms)
		BackupInstance (0ms)
		ReleaseScriptingObjects (0ms)
		CreateAndSetChildDomain (27ms)
	RebuildCommonClasses (26ms)
	RebuildNativeTypeToScriptingClass (10ms)
	initialDomainReloadingComplete (29ms)
	LoadAllAssembliesAndSetupDomain (426ms)
		LoadAssemblies (265ms)
		RebuildTransferFunctionScriptingTraits (0ms)
		AnalyzeDomain (229ms)
			TypeCache.Refresh (155ms)
				TypeCache.ScanAssembly (144ms)
			BuildScriptInfoCaches (63ms)
			ResolveRequiredComponents (8ms)
	FinalizeReload (704ms)
		ReleaseScriptCaches (0ms)
		RebuildScriptCaches (0ms)
		SetupLoadedEditorAssemblies (484ms)
			LogAssemblyErrors (0ms)
			InitializePlatformSupportModulesInManaged (1ms)
			SetLoadedEditorAssemblies (3ms)
			BeforeProcessingInitializeOnLoad (114ms)
			ProcessInitializeOnLoadAttributes (270ms)
			ProcessInitializeOnLoadMethodAttributes (91ms)
			AfterProcessingInitializeOnLoad (5ms)
			EditorAssembliesLoaded (0ms)
		ExecutionOrderSort2 (0ms)
		AwakeInstancesAfterBackupRestoration (4ms)
Launched and connected shader compiler UnityShaderCompiler.exe after 0.01 seconds
Refreshing native plugins compatible for Editor in 2.08 ms, found 4 plugins.
Preloading 0 native plugins for Editor in 0.00 ms.
Unloading 22 Unused Serialized files (Serialized files now loaded: 0)
Unloading 7576 unused Assets / (6.1 MB). Loaded Objects now: 8476.
Memory consumption went from 193.1 MB to 187.1 MB.
Total: 13.257200 ms (FindLiveObjects: 1.093600 ms CreateObjectMapping: 1.040800 ms MarkObjects: 7.811100 ms  DeleteObjects: 3.311100 ms)

========================================================================
Received Import Request.
  Time since last request: 232838.701775 seconds.
  path: Assets/Samples/Visual Effect Graph/17.3.0/Learning Templates/Textures/TX_Brush.png
  artifactKey: Guid(0154983b7821c1540aa260dfced5b024) Importer(2089858483,b0f066a214c2f5e87bad3c948f4d605d)
Start importing Assets/Samples/Visual Effect Graph/17.3.0/Learning Templates/Textures/TX_Brush.png using Guid(0154983b7821c1540aa260dfced5b024) Importer(2089858483,b0f066a214c2f5e87bad3c948f4d605d) (ScriptedImporter) -> (artifact id: 'c48c9b161ffc1af65fd228f41ab59e05') in 0.1409128 seconds
Number of updated asset objects reloaded before import = 0Number of asset objects unloaded after import = 1

========================================================================
Received Import Request.
  Time since last request: 0.000010 seconds.
  path: Assets/Samples/Visual Effect Graph/17.3.0/Learning Templates/Scenes/URP_VFX_Learning_Templates/ReflectionProbe-1.exr
  artifactKey: Guid(66d676a4a97590a4bad73d4d4f425bda) Importer(2089858483,b0f066a214c2f5e87bad3c948f4d605d)
Start importing Assets/Samples/Visual Effect Graph/17.3.0/Learning Templates/Scenes/URP_VFX_Learning_Templates/ReflectionProbe-1.exr using Guid(66d676a4a97590a4bad73d4d4f425bda) Importer(2089858483,b0f066a214c2f5e87bad3c948f4d605d) (ScriptedImporter) -> (artifact id: '965e6bce67f6410249e5743159eea34a') in 0.0102365 seconds
Number of updated asset objects reloaded before import = 0Number of asset objects unloaded after import = 1

========================================================================
Received Import Request.
  Time since last request: 0.267904 seconds.
  path: Assets/Samples/Visual Effect Graph/17.3.0/Learning Templates/VFX/AngularVelocity.vfx
  artifactKey: Guid(0716daebd7b426f478f6dc430926c3b8) Importer(2089858483,b0f066a214c2f5e87bad3c948f4d605d)
Start importing Assets/Samples/Visual Effect Graph/17.3.0/Learning Templates/VFX/AngularVelocity.vfx using Guid(0716daebd7b426f478f6dc430926c3b8) Importer(2089858483,b0f066a214c2f5e87bad3c948f4d605d) (ScriptedImporter) -> (artifact id: '32a66d6467670935f9a29e3dc7fb788d') in 0.0244585 seconds
Number of updated asset objects reloaded before import = 0Number of asset objects unloaded after import = 18

========================================================================
Received Import Request.
  Time since last request: 0.000012 seconds.
  path: Assets/Samples/Visual Effect Graph/17.3.0/Learning Templates/Shaders/SG_SoccerBall.shadergraph
  artifactKey: Guid(2f6c106bb36415840be922cdbbf4d9ad) Importer(2089858483,b0f066a214c2f5e87bad3c948f4d605d)
Start importing Assets/Samples/Visual Effect Graph/17.3.0/Learning Templates/Shaders/SG_SoccerBall.shadergraph using Guid(2f6c106bb36415840be922cdbbf4d9ad) Importer(2089858483,b0f066a214c2f5e87bad3c948f4d605d) (ScriptedImporter) -> (artifact id: '12bdba2a4ee3bdaa3d54b4bd548999f9') in 0.0359158 seconds
Number of updated asset objects reloaded before import = 0Number of asset objects unloaded after import = 7

========================================================================
Received Import Request.
  Time since last request: 0.000014 seconds.
  path: Assets/Samples/Visual Effect Graph/17.3.0/Learning Templates/VFX/PivotAttribute.vfx
  artifactKey: Guid(1edd86e27000c234fb781ca4a6682571) Importer(2089858483,b0f066a214c2f5e87bad3c948f4d605d)
Start importing Assets/Samples/Visual Effect Graph/17.3.0/Learning Templates/VFX/PivotAttribute.vfx using Guid(1edd86e27000c234fb781ca4a6682571) Importer(2089858483,b0f066a214c2f5e87bad3c948f4d605d) (ScriptedImporter) -> (artifact id: 'e0699a2da2cb28b72e3316810830fac1') in 0.0124691 seconds
Number of updated asset objects reloaded before import = 0Number of asset objects unloaded after import = 11

========================================================================
Received Import Request.
  Time since last request: 0.000012 seconds.
  path: Assets/Samples/Visual Effect Graph/17.3.0/Learning Templates/Shaders/SG_FlipBook_Trame.shadergraph
  artifactKey: Guid(d6437a6e7ca7ab2469691416bffa7e00) Importer(2089858483,b0f066a214c2f5e87bad3c948f4d605d)
Start importing Assets/Samples/Visual Effect Graph/17.3.0/Learning Templates/Shaders/SG_FlipBook_Trame.shadergraph using Guid(d6437a6e7ca7ab2469691416bffa7e00) Importer(2089858483,b0f066a214c2f5e87bad3c948f4d605d) (ScriptedImporter) -> (artifact id: '6ef555a377260a4464e05d13315eeb07') in 0.0099851 seconds
Number of updated asset objects reloaded before import = 0Number of asset objects unloaded after import = 6

========================================================================
Received Import Request.
  Time since last request: 0.291637 seconds.
  path: Assets/Samples/Visual Effect Graph/17.3.0/Learning Templates/Textures/TX_Leafs_3x3_N.png
  artifactKey: Guid(cfd1f5fe17f59514dbbc94e370184250) Importer(2089858483,b0f066a214c2f5e87bad3c948f4d605d)
Start importing Assets/Samples/Visual Effect Graph/17.3.0/Learning Templates/Textures/TX_Leafs_3x3_N.png using Guid(cfd1f5fe17f59514dbbc94e370184250) Importer(2089858483,b0f066a214c2f5e87bad3c948f4d605d) (ScriptedImporter) -> (artifact id: '1f25de4642bce9d96a7938ca03d1e3b6') in 0.011611 seconds
Number of updated asset objects reloaded before import = 0Number of asset objects unloaded after import = 1

========================================================================
Received Import Request.
  Time since last request: 0.000010 seconds.
  path: Assets/Samples/Visual Effect Graph/17.3.0/Learning Templates/Meshes/ST_PoolPlane.fbx
  artifactKey: Guid(d439f6b5a5789be4aab9d39703aa46ad) Importer(2089858483,b0f066a214c2f5e87bad3c948f4d605d)
Start importing Assets/Samples/Visual Effect Graph/17.3.0/Learning Templates/Meshes/ST_PoolPlane.fbx using Guid(d439f6b5a5789be4aab9d39703aa46ad) Importer(2089858483,b0f066a214c2f5e87bad3c948f4d605d) (ScriptedImporter) -> (artifact id: '1832341c47a9f0847910632cd56f0f94') in 0.0394328 seconds
Number of updated asset objects reloaded before import = 0Number of asset objects unloaded after import = 8

========================================================================
Received Import Request.
  Time since last request: 0.000012 seconds.
  path: Assets/Samples/Visual Effect Graph/17.3.0/Learning Templates/Thumbnails/Thumb_Sample Skinned Mesh.png
  artifactKey: Guid(57b45e399d8fe394a98a5675906c287d) Importer(2089858483,b0f066a214c2f5e87bad3c948f4d605d)
Start importing Assets/Samples/Visual Effect Graph/17.3.0/Learning Templates/Thumbnails/Thumb_Sample Skinned Mesh.png using Guid(57b45e399d8fe394a98a5675906c287d) Importer(2089858483,b0f066a214c2f5e87bad3c948f4d605d) (ScriptedImporter) -> (artifact id: '34c2ddfb00b09341430300d99d47a366') in 0.00837 seconds
Number of updated asset objects reloaded before import = 0Number of asset objects unloaded after import = 1

========================================================================
Received Import Request.
  Time since last request: 0.342216 seconds.
  path: Assets/Samples/Visual Effect Graph/17.3.0/Learning Templates/Meshes/ST_Vase.fbx
  artifactKey: Guid(fcfbb4ca4dbfb4d4697606b2d5896525) Importer(2089858483,b0f066a214c2f5e87bad3c948f4d605d)
Start importing Assets/Samples/Visual Effect Graph/17.3.0/Learning Templates/Meshes/ST_Vase.fbx using Guid(fcfbb4ca4dbfb4d4697606b2d5896525) Importer(2089858483,b0f066a214c2f5e87bad3c948f4d605d) (ScriptedImporter) -> (artifact id: 'e5079327ba677dd2d40bdff94f55111a') in 0.0089363 seconds
Number of updated asset objects reloaded before import = 0Number of asset objects unloaded after import = 14

========================================================================
Received Import Request.
  Time since last request: 0.000009 seconds.
  path: Assets/Samples/Visual Effect Graph/17.3.0/Learning Templates/Prefabs
  artifactKey: Guid(08da1c7bd5e3739429bb87a602f27d8c) Importer(2089858483,b0f066a214c2f5e87bad3c948f4d605d)
Start importing Assets/Samples/Visual Effect Graph/17.3.0/Learning Templates/Prefabs using Guid(08da1c7bd5e3739429bb87a602f27d8c) Importer(2089858483,b0f066a214c2f5e87bad3c948f4d605d) (ScriptedImporter) -> (artifact id: 'f8929ac0cd1a76fa7e390687cfd307fb') in 0.0063661 seconds
Number of updated asset objects reloaded before import = 0Number of asset objects unloaded after import = 1

========================================================================
Received Import Request.
  Time since last request: 0.000010 seconds.
  path: Assets/Samples/Visual Effect Graph/17.3.0/Learning Templates/Textures/TX_Flipbook_CandleFlame.png
  artifactKey: Guid(5ec21764a843e414197a40a58f39cf95) Importer(2089858483,b0f066a214c2f5e87bad3c948f4d605d)
Start importing Assets/Samples/Visual Effect Graph/17.3.0/Learning Templates/Textures/TX_Flipbook_CandleFlame.png using Guid(5ec21764a843e414197a40a58f39cf95) Importer(2089858483,b0f066a214c2f5e87bad3c948f4d605d) (ScriptedImporter) -> (artifact id: '3d484315107e7c49923662546ed0d3ee') in 0.0106899 seconds
Number of updated asset objects reloaded before import = 0Number of asset objects unloaded after import = 1

========================================================================
Received Import Request.
  Time since last request: 0.000018 seconds.
  path: Assets/Samples/Visual Effect Graph/17.3.0/Learning Templates/Shaders/SG_LitQuad_Xlit.shadergraph
  artifactKey: Guid(ad75bf70b646f8d4b908ad2c96705e90) Importer(2089858483,b0f066a214c2f5e87bad3c948f4d605d)
Start importing Assets/Samples/Visual Effect Graph/17.3.0/Learning Templates/Shaders/SG_LitQuad_Xlit.shadergraph using Guid(ad75bf70b646f8d4b908ad2c96705e90) Importer(2089858483,b0f066a214c2f5e87bad3c948f4d605d) (ScriptedImporter) -> (artifact id: 'd03f654bcef2bc3eeda0cc59e167eb6d') in 0.0118384 seconds
Number of updated asset objects reloaded before import = 0Number of asset objects unloaded after import = 7

========================================================================
Received Import Request.
  Time since last request: 0.325360 seconds.
  path: Assets/Samples/Visual Effect Graph/17.3.0/Learning Templates/Textures/TX_WaterNoise_N.png
  artifactKey: Guid(a70e23621889b6d419843579846f5958) Importer(2089858483,b0f066a214c2f5e87bad3c948f4d605d)
Start importing Assets/Samples/Visual Effect Graph/17.3.0/Learning Templates/Textures/TX_WaterNoise_N.png using Guid(a70e23621889b6d419843579846f5958) Importer(2089858483,b0f066a214c2f5e87bad3c948f4d605d) (ScriptedImporter) -> (artifact id: '06b8229e96a02208d416b279683e698f') in 0.0083396 seconds
Number of updated asset objects reloaded before import = 0Number of asset objects unloaded after import = 1

========================================================================
Received Import Request.
  Time since last request: 0.000009 seconds.
  path: Assets/Samples/Visual Effect Graph/17.3.0/Learning Templates/Textures/TX_Lighting.tga
  artifactKey: Guid(4f3fa3a272e58824ebcfbf6fd235f2b4) Importer(2089858483,b0f066a214c2f5e87bad3c948f4d605d)
Start importing Assets/Samples/Visual Effect Graph/17.3.0/Learning Templates/Textures/TX_Lighting.tga using Guid(4f3fa3a272e58824ebcfbf6fd235f2b4) Importer(2089858483,b0f066a214c2f5e87bad3c948f4d605d) (ScriptedImporter) -> (artifact id: '03467904822f28954381f0a1d83a3791') in 0.0087591 seconds
Number of updated asset objects reloaded before import = 0Number of asset objects unloaded after import = 1

========================================================================
Received Import Request.
  Time since last request: 0.000011 seconds.
  path: Assets/Samples/Visual Effect Graph/17.3.0/Learning Templates/Shaders/SG_Candle.shadergraph
  artifactKey: Guid(a23d86af6046bcc46a9ff91c1be29abf) Importer(2089858483,b0f066a214c2f5e87bad3c948f4d605d)
Start importing Assets/Samples/Visual Effect Graph/17.3.0/Learning Templates/Shaders/SG_Candle.shadergraph using Guid(a23d86af6046bcc46a9ff91c1be29abf) Importer(2089858483,b0f066a214c2f5e87bad3c948f4d605d) (ScriptedImporter) -> (artifact id: 'a86553be3157c02cd3bcfb61acf4f799') in 0.0087442 seconds
Number of updated asset objects reloaded before import = 0Number of asset objects unloaded after import = 5

========================================================================
Received Import Request.
  Time since last request: 0.381751 seconds.
  path: Assets/Samples/Visual Effect Graph/17.3.0/Learning Templates/VFX/FlipbookMode.vfx
  artifactKey: Guid(aa3d09e97ddac6c4e84b08e738fc4a79) Importer(2089858483,b0f066a214c2f5e87bad3c948f4d605d)
Start importing Assets/Samples/Visual Effect Graph/17.3.0/Learning Templates/VFX/FlipbookMode.vfx using Guid(aa3d09e97ddac6c4e84b08e738fc4a79) Importer(2089858483,b0f066a214c2f5e87bad3c948f4d605d) (ScriptedImporter) -> (artifact id: 'aef71587ab7057b6123fcf970ab5351c') in 0.0165397 seconds
Number of updated asset objects reloaded before import = 0Number of asset objects unloaded after import = 16

========================================================================
Received Import Request.
  Time since last request: 0.000012 seconds.
  path: Assets/Samples/Visual Effect Graph/17.3.0/Learning Templates/Shaders
  artifactKey: Guid(239cd18a218ad5242b70476091947660) Importer(2089858483,b0f066a214c2f5e87bad3c948f4d605d)
Start importing Assets/Samples/Visual Effect Graph/17.3.0/Learning Templates/Shaders using Guid(239cd18a218ad5242b70476091947660) Importer(2089858483,b0f066a214c2f5e87bad3c948f4d605d) (ScriptedImporter) -> (artifact id: '6dd6dc22fb956c24b144e4ec1f6ce6c7') in 0.0062576 seconds
Number of updated asset objects reloaded before import = 0Number of asset objects unloaded after import = 1

========================================================================
Received Import Request.
  Time since last request: 0.000014 seconds.
  path: Assets/Samples/Visual Effect Graph/17.3.0/Learning Templates/Prefabs/VFXG
  artifactKey: Guid(285597f773411aa4a818d958ac1eb783) Importer(2089858483,b0f066a214c2f5e87bad3c948f4d605d)
Start importing Assets/Samples/Visual Effect Graph/17.3.0/Learning Templates/Prefabs/VFXG using Guid(285597f773411aa4a818d958ac1eb783) Importer(2089858483,b0f066a214c2f5e87bad3c948f4d605d) (ScriptedImporter) -> (artifact id: '07502cb79056c21dc2b140d2510cc2de') in 0.007213 seconds
Number of updated asset objects reloaded before import = 0Number of asset objects unloaded after import = 1

========================================================================
Received Import Request.
  Time since last request: 0.000009 seconds.
  path: Assets/Samples/Visual Effect Graph/17.3.0/Learning Templates/VFX/MultiStripSingleBurst.vfx
  artifactKey: Guid(285ef980a6fd8b746bc973e6f8b7b08d) Importer(2089858483,b0f066a214c2f5e87bad3c948f4d605d)
Start importing Assets/Samples/Visual Effect Graph/17.3.0/Learning Templates/VFX/MultiStripSingleBurst.vfx using Guid(285ef980a6fd8b746bc973e6f8b7b08d) Importer(2089858483,b0f066a214c2f5e87bad3c948f4d605d) (ScriptedImporter) -> (artifact id: '793d4687ec9601ec9dca896bcf91cbb3') in 0.0129394 seconds
Number of updated asset objects reloaded before import = 0Number of asset objects unloaded after import = 8

========================================================================
Received Import Request.
  Time since last request: 0.329898 seconds.
  path: Assets/Samples/Visual Effect Graph/17.3.0/Learning Templates/Thumbnails/Thumb_Pivot Advanced.png
  artifactKey: Guid(29251384520d95f4fa010437bf43287e) Importer(2089858483,b0f066a214c2f5e87bad3c948f4d605d)
Start importing Assets/Samples/Visual Effect Graph/17.3.0/Learning Templates/Thumbnails/Thumb_Pivot Advanced.png using Guid(29251384520d95f4fa010437bf43287e) Importer(2089858483,b0f066a214c2f5e87bad3c948f4d605d) (ScriptedImporter) -> (artifact id: '48509467666f4f9b25870eed013f0d29') in 0.0100252 seconds
Number of updated asset objects reloaded before import = 0Number of asset objects unloaded after import = 1

========================================================================
Received Import Request.
  Time since last request: 0.000009 seconds.
  path: Assets/Samples/Visual Effect Graph/17.3.0/Learning Templates/Meshes/ST_UniCoin.fbx
  artifactKey: Guid(e9cfa0df57f2a7e43bca7bab1795e118) Importer(2089858483,b0f066a214c2f5e87bad3c948f4d605d)
Start importing Assets/Samples/Visual Effect Graph/17.3.0/Learning Templates/Meshes/ST_UniCoin.fbx using Guid(e9cfa0df57f2a7e43bca7bab1795e118) Importer(2089858483,b0f066a214c2f5e87bad3c948f4d605d) (ScriptedImporter) -> (artifact id: '822f81187f0c0d604b447eb5d3809028') in 0.0113522 seconds
Number of updated asset objects reloaded before import = 0Number of asset objects unloaded after import = 25

========================================================================
Received Import Request.
  Time since last request: 0.000009 seconds.
  path: Assets/Samples/Visual Effect Graph/17.3.0/Learning Templates/Scenes/URP_VFX_Learning_Templates/LightingData.asset
  artifactKey: Guid(6ac3409e28fabc040bc1336655b89d18) Importer(2089858483,b0f066a214c2f5e87bad3c948f4d605d)
Start importing Assets/Samples/Visual Effect Graph/17.3.0/Learning Templates/Scenes/URP_VFX_Learning_Templates/LightingData.asset using Guid(6ac3409e28fabc040bc1336655b89d18) Importer(2089858483,b0f066a214c2f5e87bad3c948f4d605d) (ScriptedImporter) -> (artifact id: '370b82a551a9b8695a2fde5ef6c92937') in 0.0110298 seconds
Number of updated asset objects reloaded before import = 0Number of asset objects unloaded after import = 2

========================================================================
Received Import Request.
  Time since last request: 0.371988 seconds.
  path: Assets/Samples/Visual Effect Graph/17.3.0/Learning Templates/VFX/OrientFixedAxis.vfx
  artifactKey: Guid(c96faae58e47c41429753fb0da60adc0) Importer(2089858483,b0f066a214c2f5e87bad3c948f4d605d)
Start importing Assets/Samples/Visual Effect Graph/17.3.0/Learning Templates/VFX/OrientFixedAxis.vfx using Guid(c96faae58e47c41429753fb0da60adc0) Importer(2089858483,b0f066a214c2f5e87bad3c948f4d605d) (ScriptedImporter) -> (artifact id: 'ecceb28d3557bf12d269a309d4a147f4') in 0.0143146 seconds
Number of updated asset objects reloaded before import = 0Number of asset objects unloaded after import = 11

========================================================================
Received Import Request.
  Time since last request: 0.000012 seconds.
  path: Assets/Samples/Visual Effect Graph/17.3.0/Learning Templates/Prefabs/VFXG/Multiple Outputs.prefab
  artifactKey: Guid(eebc6455237c7314b9342f9e212e0d6a) Importer(2089858483,b0f066a214c2f5e87bad3c948f4d605d)
Start importing Assets/Samples/Visual Effect Graph/17.3.0/Learning Templates/Prefabs/VFXG/Multiple Outputs.prefab using Guid(eebc6455237c7314b9342f9e212e0d6a) Importer(2089858483,b0f066a214c2f5e87bad3c948f4d605d) (ScriptedImporter) -> (artifact id: '35ba414723c4f30a1787549955bdba84') in 0.0291529 seconds
Number of updated asset objects reloaded before import = 0Number of asset objects unloaded after import = 246

========================================================================
Received Import Request.
  Time since last request: 0.000012 seconds.
  path: Assets/Samples/Visual Effect Graph/17.3.0/Learning Templates/VFX/StripProperties.vfx
  artifactKey: Guid(db2d8637cfa4fab4082fc079f1f26b14) Importer(2089858483,b0f066a214c2f5e87bad3c948f4d605d)
Start importing Assets/Samples/Visual Effect Graph/17.3.0/Learning Templates/VFX/StripProperties.vfx using Guid(db2d8637cfa4fab4082fc079f1f26b14) Importer(2089858483,b0f066a214c2f5e87bad3c948f4d605d) (ScriptedImporter) -> (artifact id: 'e6c4ccdebae4b48a9f9647da38fbe132') in 0.0214283 seconds
Number of updated asset objects reloaded before import = 0Number of asset objects unloaded after import = 25

========================================================================
Received Import Request.
  Time since last request: 0.000016 seconds.
  path: Assets/Samples/Visual Effect Graph/17.3.0/Learning Templates/VFX/BoundsGizmo.vfx
  artifactKey: Guid(f023ef5f170adc34180abdbd65838179) Importer(2089858483,b0f066a214c2f5e87bad3c948f4d605d)
Start importing Assets/Samples/Visual Effect Graph/17.3.0/Learning Templates/VFX/BoundsGizmo.vfx using Guid(f023ef5f170adc34180abdbd65838179) Importer(2089858483,b0f066a214c2f5e87bad3c948f4d605d) (ScriptedImporter) -> (artifact id: 'b2aa86fa00c7c7e1408322860e151101') in 0.0095866 seconds
Number of updated asset objects reloaded before import = 0Number of asset objects unloaded after import = 6

========================================================================
Received Import Request.
  Time since last request: 0.288662 seconds.
  path: Assets/Samples/Visual Effect Graph/17.3.0/Learning Templates/Prefabs/VFXG/Rotation & Angle.prefab
  artifactKey: Guid(5ca1ce248ce780c4ca7d6f0a069b4213) Importer(2089858483,b0f066a214c2f5e87bad3c948f4d605d)
Start importing Assets/Samples/Visual Effect Graph/17.3.0/Learning Templates/Prefabs/VFXG/Rotation & Angle.prefab using Guid(5ca1ce248ce780c4ca7d6f0a069b4213) Importer(2089858483,b0f066a214c2f5e87bad3c948f4d605d) (ScriptedImporter) -> (artifact id: '3e0077521cfde29bb6790138b1d36079') in 0.0176535 seconds
Number of updated asset objects reloaded before import = 0Number of asset objects unloaded after import = 244

========================================================================
Received Import Request.
  Time since last request: 0.000012 seconds.
  path: Assets/Samples/Visual Effect Graph/17.3.0/Learning Templates/Prefabs/VFXG/Strip SpawnRate.prefab
  artifactKey: Guid(e8c50f0fc83841f499b893adf79a0e0f) Importer(2089858483,b0f066a214c2f5e87bad3c948f4d605d)
Start importing Assets/Samples/Visual Effect Graph/17.3.0/Learning Templates/Prefabs/VFXG/Strip SpawnRate.prefab using Guid(e8c50f0fc83841f499b893adf79a0e0f) Importer(2089858483,b0f066a214c2f5e87bad3c948f4d605d) (ScriptedImporter) -> (artifact id: '7716065cee1a0a3049f057b7bfa4f81a') in 0.0154208 seconds
Number of updated asset objects reloaded before import = 0Number of asset objects unloaded after import = 243

========================================================================
Received Import Request.
  Time since last request: 0.000016 seconds.
  path: Assets/Samples/Visual Effect Graph/17.3.0/Learning Templates/Textures/TX_Leafs_3x3_R.png
  artifactKey: Guid(502167c0fe3db1d42af015dd3f8d8c18) Importer(2089858483,b0f066a214c2f5e87bad3c948f4d605d)
Start importing Assets/Samples/Visual Effect Graph/17.3.0/Learning Templates/Textures/TX_Leafs_3x3_R.png using Guid(502167c0fe3db1d42af015dd3f8d8c18) Importer(2089858483,b0f066a214c2f5e87bad3c948f4d605d) (ScriptedImporter) -> (artifact id: 'a54c6133e4c3e453b5e5de8b5760cca6') in 0.0114433 seconds
Number of updated asset objects reloaded before import = 0Number of asset objects unloaded after import = 1

========================================================================
Received Import Request.
  Time since last request: 0.000016 seconds.
  path: Assets/Samples/Visual Effect Graph/17.3.0/Learning Templates/Textures/TX_UnityLogo_Pack.png
  artifactKey: Guid(08fea97c6d5986d41ab6867db5811710) Importer(2089858483,b0f066a214c2f5e87bad3c948f4d605d)
Start importing Assets/Samples/Visual Effect Graph/17.3.0/Learning Templates/Textures/TX_UnityLogo_Pack.png using Guid(08fea97c6d5986d41ab6867db5811710) Importer(2089858483,b0f066a214c2f5e87bad3c948f4d605d) (ScriptedImporter) -> (artifact id: '3cf0e90f8b8eb0de280e70fb2e270264') in 0.011829 seconds
Number of updated asset objects reloaded before import = 0Number of asset objects unloaded after import = 1

========================================================================
Received Import Request.
  Time since last request: 0.299015 seconds.
  path: Assets/Samples/Visual Effect Graph/17.3.0/Learning Templates/Shaders/SG_Eyes_XSRP.shadergraph
  artifactKey: Guid(ef96eedf8e05b7149bc57885fb34e62e) Importer(2089858483,b0f066a214c2f5e87bad3c948f4d605d)
Start importing Assets/Samples/Visual Effect Graph/17.3.0/Learning Templates/Shaders/SG_Eyes_XSRP.shadergraph using Guid(ef96eedf8e05b7149bc57885fb34e62e) Importer(2089858483,b0f066a214c2f5e87bad3c948f4d605d) (ScriptedImporter) -> (artifact id: '680a7f103de668f6ee902f74e76cf0e5') in 0.0092447 seconds
Number of updated asset objects reloaded before import = 0Number of asset objects unloaded after import = 5

========================================================================
Received Import Request.
  Time since last request: 0.000009 seconds.
  path: Assets/Samples/Visual Effect Graph/17.3.0/Learning Templates/Shaders/SG_HeadJack.shadergraph
  artifactKey: Guid(f7e8316f3fe1a7b44ac45ac2a9adf567) Importer(2089858483,b0f066a214c2f5e87bad3c948f4d605d)
Start importing Assets/Samples/Visual Effect Graph/17.3.0/Learning Templates/Shaders/SG_HeadJack.shadergraph using Guid(f7e8316f3fe1a7b44ac45ac2a9adf567) Importer(2089858483,b0f066a214c2f5e87bad3c948f4d605d) (ScriptedImporter) -> (artifact id: '587a382a3ab6881b6f11cd285eed4a9c') in 0.0106178 seconds
Number of updated asset objects reloaded before import = 0Number of asset objects unloaded after import = 5

========================================================================
Received Import Request.
  Time since last request: 0.000012 seconds.
  path: Assets/Samples/Visual Effect Graph/17.3.0/Learning Templates/Shaders/SG_DartBoard.shadergraph
  artifactKey: Guid(6cd342ec04caae64e8b32a8b6897f62f) Importer(2089858483,b0f066a214c2f5e87bad3c948f4d605d)
Start importing Assets/Samples/Visual Effect Graph/17.3.0/Learning Templates/Shaders/SG_DartBoard.shadergraph using Guid(6cd342ec04caae64e8b32a8b6897f62f) Importer(2089858483,b0f066a214c2f5e87bad3c948f4d605d) (ScriptedImporter) -> (artifact id: 'f5fbc55a2d5628ac54c23a3eca13b7df') in 0.0101284 seconds
Number of updated asset objects reloaded before import = 0Number of asset objects unloaded after import = 6

========================================================================
Received Import Request.
  Time since last request: 0.000018 seconds.
  path: Assets/Samples/Visual Effect Graph/17.3.0/Learning Templates/Textures/TX_Flipbook_example.tga
  artifactKey: Guid(b6e2f9ac9f6c0914aa7d0ba32f741eeb) Importer(2089858483,b0f066a214c2f5e87bad3c948f4d605d)
Start importing Assets/Samples/Visual Effect Graph/17.3.0/Learning Templates/Textures/TX_Flipbook_example.tga using Guid(b6e2f9ac9f6c0914aa7d0ba32f741eeb) Importer(2089858483,b0f066a214c2f5e87bad3c948f4d605d) (ScriptedImporter) -> (artifact id: '9186055adb5eeb426c6c5d589933bde2') in 0.0087886 seconds
Number of updated asset objects reloaded before import = 0Number of asset objects unloaded after import = 1

========================================================================
Received Import Request.
  Time since last request: 0.334675 seconds.
  path: Assets/Samples/Visual Effect Graph/17.3.0/Learning Templates/Thumbnails/Thumb_Sample SDF.png
  artifactKey: Guid(a3c11027cf8e8584b96716d5079df100) Importer(2089858483,b0f066a214c2f5e87bad3c948f4d605d)
Start importing Assets/Samples/Visual Effect Graph/17.3.0/Learning Templates/Thumbnails/Thumb_Sample SDF.png using Guid(a3c11027cf8e8584b96716d5079df100) Importer(2089858483,b0f066a214c2f5e87bad3c948f4d605d) (ScriptedImporter) -> (artifact id: '0b2cb1571e4c479807bf6d9d35193674') in 0.0109733 seconds
Number of updated asset objects reloaded before import = 0Number of asset objects unloaded after import = 1

========================================================================
Received Import Request.
  Time since last request: 0.000009 seconds.
  path: Assets/Samples/Visual Effect Graph/17.3.0/Learning Templates/Prefabs/VFXG/TexIndex Advanced.prefab
  artifactKey: Guid(c31527918c314b74ab9528f8e8dc07c6) Importer(2089858483,b0f066a214c2f5e87bad3c948f4d605d)
Start importing Assets/Samples/Visual Effect Graph/17.3.0/Learning Templates/Prefabs/VFXG/TexIndex Advanced.prefab using Guid(c31527918c314b74ab9528f8e8dc07c6) Importer(2089858483,b0f066a214c2f5e87bad3c948f4d605d) (ScriptedImporter) -> (artifact id: '7eff53b58cdbffcefd16ee20510b242e') in 0.0248014 seconds
Number of updated asset objects reloaded before import = 0Number of asset objects unloaded after import = 277

========================================================================
Received Import Request.
  Time since last request: 0.000013 seconds.
  path: Assets/Samples/Visual Effect Graph/17.3.0/Learning Templates/Prefabs/VFXG/Sample Skinned Mesh.prefab
  artifactKey: Guid(7f90fd4140e9047438f25d2a806668af) Importer(2089858483,b0f066a214c2f5e87bad3c948f4d605d)
Start importing Assets/Samples/Visual Effect Graph/17.3.0/Learning Templates/Prefabs/VFXG/Sample Skinned Mesh.prefab using Guid(7f90fd4140e9047438f25d2a806668af) Importer(2089858483,b0f066a214c2f5e87bad3c948f4d605d) (ScriptedImporter) -> (artifact id: '09b712950bff47f2a82e2487a1a137f5') in 0.0175782 seconds
Number of updated asset objects reloaded before import = 0Number of asset objects unloaded after import = 454

========================================================================
Received Import Request.
  Time since last request: 0.000015 seconds.
  path: Assets/Samples/Visual Effect Graph/17.3.0/Learning Templates/VFX/Subgraphs/Noise Bezier Outputs.vfxoperator
  artifactKey: Guid(74ad4091495a97a459ad111a59b55d07) Importer(2089858483,b0f066a214c2f5e87bad3c948f4d605d)
Start importing Assets/Samples/Visual Effect Graph/17.3.0/Learning Templates/VFX/Subgraphs/Noise Bezier Outputs.vfxoperator using Guid(74ad4091495a97a459ad111a59b55d07) Importer(2089858483,b0f066a214c2f5e87bad3c948f4d605d) (ScriptedImporter) -> (artifact id: '8049bf167a67c861beeb1a68ff50dc86') in 0.0067647 seconds
Number of updated asset objects reloaded before import = 0Number of asset objects unloaded after import = 1

========================================================================
Received Import Request.
  Time since last request: 0.311572 seconds.
  path: Assets/Samples/Visual Effect Graph/17.3.0/Learning Templates/Thumbnails/Thumb_Capacity.png
  artifactKey: Guid(4564276fcad6d6c4fba693a4a9552555) Importer(2089858483,b0f066a214c2f5e87bad3c948f4d605d)
Start importing Assets/Samples/Visual Effect Graph/17.3.0/Learning Templates/Thumbnails/Thumb_Capacity.png using Guid(4564276fcad6d6c4fba693a4a9552555) Importer(2089858483,b0f066a214c2f5e87bad3c948f4d605d) (ScriptedImporter) -> (artifact id: '8a69c879d50f553580c886ac0b84a9fc') in 0.0093128 seconds
Number of updated asset objects reloaded before import = 0Number of asset objects unloaded after import = 1

========================================================================
Received Import Request.
  Time since last request: 0.000010 seconds.
  path: Assets/Samples/Visual Effect Graph/17.3.0/Learning Templates/Textures/TX_Chomper_Feather_A.png
  artifactKey: Guid(314896f5a87a0a0408df72564ba2f050) Importer(2089858483,b0f066a214c2f5e87bad3c948f4d605d)
Start importing Assets/Samples/Visual Effect Graph/17.3.0/Learning Templates/Textures/TX_Chomper_Feather_A.png using Guid(314896f5a87a0a0408df72564ba2f050) Importer(2089858483,b0f066a214c2f5e87bad3c948f4d605d) (ScriptedImporter) -> (artifact id: 'ac961d135fb3142264c4ddef8277b83a') in 0.0087023 seconds
Number of updated asset objects reloaded before import = 0Number of asset objects unloaded after import = 1

========================================================================
Received Import Request.
  Time since last request: 0.000010 seconds.
  path: Assets/Samples/Visual Effect Graph/17.3.0/Learning Templates/Shaders/SG_WaterPool.shadergraph
  artifactKey: Guid(1782fb3c69d1fce47a2e1faffded906e) Importer(2089858483,b0f066a214c2f5e87bad3c948f4d605d)
Start importing Assets/Samples/Visual Effect Graph/17.3.0/Learning Templates/Shaders/SG_WaterPool.shadergraph using Guid(1782fb3c69d1fce47a2e1faffded906e) Importer(2089858483,b0f066a214c2f5e87bad3c948f4d605d) (ScriptedImporter) -> (artifact id: 'd3884e7b2962e7213bb1e773b48115f4') in 0.010472 seconds
Number of updated asset objects reloaded before import = 0Number of asset objects unloaded after import = 6

========================================================================
Received Import Request.
  Time since last request: 0.377929 seconds.
  path: Assets/Samples/Visual Effect Graph/17.3.0/VisualEffectGraph Additions/Subgraphs/Operators/Get Color and Alpha (Source).vfxoperator
  artifactKey: Guid(59972625c9d3b4340a379c5802d4045d) Importer(2089858483,b0f066a214c2f5e87bad3c948f4d605d)
Start importing Assets/Samples/Visual Effect Graph/17.3.0/VisualEffectGraph Additions/Subgraphs/Operators/Get Color and Alpha (Source).vfxoperator using Guid(59972625c9d3b4340a379c5802d4045d) Importer(2089858483,b0f066a214c2f5e87bad3c948f4d605d) (ScriptedImporter) -> (artifact id: 'f51d2a264a6fb1294ecbc49e27578462') in 0.0068328 seconds
Number of updated asset objects reloaded before import = 0Number of asset objects unloaded after import = 1

========================================================================
Received Import Request.
  Time since last request: 0.000011 seconds.
  path: Assets/Samples/Visual Effect Graph/17.3.0/Learning Templates/Thumbnails/Thumb_MultiStrip_GPU.png
  artifactKey: Guid(1e7dce32229b8194691947a4f42f7b70) Importer(2089858483,b0f066a214c2f5e87bad3c948f4d605d)
Start importing Assets/Samples/Visual Effect Graph/17.3.0/Learning Templates/Thumbnails/Thumb_MultiStrip_GPU.png using Guid(1e7dce32229b8194691947a4f42f7b70) Importer(2089858483,b0f066a214c2f5e87bad3c948f4d605d) (ScriptedImporter) -> (artifact id: 'f8881b14f3b03dddcd981cf8a32b9d20') in 0.0084398 seconds
Number of updated asset objects reloaded before import = 0Number of asset objects unloaded after import = 1

========================================================================
Received Import Request.
  Time since last request: 0.000015 seconds.
  path: Assets/Samples/Visual Effect Graph/17.3.0/Learning Templates/Textures/TX_Outline.png
  artifactKey: Guid(6c29af48f73bbc641b4f8890586020c6) Importer(2089858483,b0f066a214c2f5e87bad3c948f4d605d)
Start importing Assets/Samples/Visual Effect Graph/17.3.0/Learning Templates/Textures/TX_Outline.png using Guid(6c29af48f73bbc641b4f8890586020c6) Importer(2089858483,b0f066a214c2f5e87bad3c948f4d605d) (ScriptedImporter) -> (artifact id: 'df82398558915dee6fd6e846ee89aaa3') in 0.0084769 seconds
Number of updated asset objects reloaded before import = 0Number of asset objects unloaded after import = 1

========================================================================
Received Import Request.
  Time since last request: 0.000009 seconds.
  path: Assets/Samples/Visual Effect Graph/17.3.0/VisualEffectGraph Additions/Subgraphs/Operators/Tween/Tween Ease Out Bounce.vfxoperator
  artifactKey: Guid(0f0d5cf6e8ea18140834d7760957c0d2) Importer(2089858483,b0f066a214c2f5e87bad3c948f4d605d)
Start importing Assets/Samples/Visual Effect Graph/17.3.0/VisualEffectGraph Additions/Subgraphs/Operators/Tween/Tween Ease Out Bounce.vfxoperator using Guid(0f0d5cf6e8ea18140834d7760957c0d2) Importer(2089858483,b0f066a214c2f5e87bad3c948f4d605d) (ScriptedImporter) -> (artifact id: '925b819e97229b0a7729e788f5f187e7') in 0.0089689 seconds
Number of updated asset objects reloaded before import = 0Number of asset objects unloaded after import = 1

========================================================================
Received Import Request.
  Time since last request: 0.000010 seconds.
  path: Assets/Samples/Visual Effect Graph/17.3.0/Learning Templates/Prefabs/VFXG/Pivot Attribute.prefab
  artifactKey: Guid(3565d1a85b574304f9ec453c277da451) Importer(2089858483,b0f066a214c2f5e87bad3c948f4d605d)
Start importing Assets/Samples/Visual Effect Graph/17.3.0/Learning Templates/Prefabs/VFXG/Pivot Attribute.prefab using Guid(3565d1a85b574304f9ec453c277da451) Importer(2089858483,b0f066a214c2f5e87bad3c948f4d605d) (ScriptedImporter) -> (artifact id: '8bfecbad975aba2afa88197e6c53cb7f') in 0.0181246 seconds
Number of updated asset objects reloaded before import = 0Number of asset objects unloaded after import = 252

========================================================================
Received Import Request.
  Time since last request: 0.000011 seconds.
  path: Assets/Samples/Visual Effect Graph/17.3.0/VisualEffectGraph Additions/Subgraphs/Operators/Encompass (Oriented Box).vfxoperator
  artifactKey: Guid(420b8ef3d4ca65f4c8d1b3650b6909b6) Importer(2089858483,b0f066a214c2f5e87bad3c948f4d605d)
Start importing Assets/Samples/Visual Effect Graph/17.3.0/VisualEffectGraph Additions/Subgraphs/Operators/Encompass (Oriented Box).vfxoperator using Guid(420b8ef3d4ca65f4c8d1b3650b6909b6) Importer(2089858483,b0f066a214c2f5e87bad3c948f4d605d) (ScriptedImporter) -> (artifact id: '324e91c144914372ce6dc54263080f0b') in 0.0096863 seconds
Number of updated asset objects reloaded before import = 0Number of asset objects unloaded after import = 1

========================================================================
Received Import Request.
  Time since last request: 0.000010 seconds.
  path: Assets/Samples/Visual Effect Graph/17.3.0/VisualEffectGraph Additions/Subgraphs/Operators/Tween/Tween Ease Out Expo.vfxoperator
  artifactKey: Guid(fe2ad2c80d8540442a18acf4c8e779c5) Importer(2089858483,b0f066a214c2f5e87bad3c948f4d605d)
Start importing Assets/Samples/Visual Effect Graph/17.3.0/VisualEffectGraph Additions/Subgraphs/Operators/Tween/Tween Ease Out Expo.vfxoperator using Guid(fe2ad2c80d8540442a18acf4c8e779c5) Importer(2089858483,b0f066a214c2f5e87bad3c948f4d605d) (ScriptedImporter) -> (artifact id: 'a16548aa67bdf57316c66329b32d94ab') in 0.0066983 seconds
Number of updated asset objects reloaded before import = 0Number of asset objects unloaded after import = 1

========================================================================
Received Import Request.
  Time since last request: 0.000015 seconds.
  path: Assets/Samples/Visual Effect Graph/17.3.0/VisualEffectGraph Additions/Subgraphs/Operators/Tween/Tween Ease In Circ.vfxoperator
  artifactKey: Guid(665ec42e83f00a14f951500a8b26e8a7) Importer(2089858483,b0f066a214c2f5e87bad3c948f4d605d)
Start importing Assets/Samples/Visual Effect Graph/17.3.0/VisualEffectGraph Additions/Subgraphs/Operators/Tween/Tween Ease In Circ.vfxoperator using Guid(665ec42e83f00a14f951500a8b26e8a7) Importer(2089858483,b0f066a214c2f5e87bad3c948f4d605d) (ScriptedImporter) -> (artifact id: 'b126ff901e1b554e446b1de1d8986f14') in 0.008455 seconds
Number of updated asset objects reloaded before import = 0Number of asset objects unloaded after import = 1

========================================================================
Received Import Request.
  Time since last request: 0.000027 seconds.
  path: Assets/Samples/Visual Effect Graph/17.3.0/VisualEffectGraph Additions/Textures/Generic/CellularNormals01.png
  artifactKey: Guid(d4041a0d87bcddd43b9caf926962dcbb) Importer(2089858483,b0f066a214c2f5e87bad3c948f4d605d)
Start importing Assets/Samples/Visual Effect Graph/17.3.0/VisualEffectGraph Additions/Textures/Generic/CellularNormals01.png using Guid(d4041a0d87bcddd43b9caf926962dcbb) Importer(2089858483,b0f066a214c2f5e87bad3c948f4d605d) (ScriptedImporter) -> (artifact id: '1440847970c0cf7c500cf872b71f25cc') in 0.0106616 seconds
Number of updated asset objects reloaded before import = 0Number of asset objects unloaded after import = 1

========================================================================
Received Import Request.
  Time since last request: 0.000012 seconds.
  path: Assets/Samples/Visual Effect Graph/17.3.0/VisualEffectGraph Additions/Subgraphs/Operators/Bound (Oriented Box).vfxoperator
  artifactKey: Guid(c97e770856249a745a160f93ba237f2e) Importer(2089858483,b0f066a214c2f5e87bad3c948f4d605d)
Start importing Assets/Samples/Visual Effect Graph/17.3.0/VisualEffectGraph Additions/Subgraphs/Operators/Bound (Oriented Box).vfxoperator using Guid(c97e770856249a745a160f93ba237f2e) Importer(2089858483,b0f066a214c2f5e87bad3c948f4d605d) (ScriptedImporter) -> (artifact id: '5a4b03f39f758b73388a841c954b88ca') in 0.0074288 seconds
Number of updated asset objects reloaded before import = 0Number of asset objects unloaded after import = 1

========================================================================
Received Import Request.
  Time since last request: 0.053322 seconds.
  path: Assets/Samples/Scriptable Render Pipeline Core/17.3.0/Common/TextMesh Pro/Resources/Fonts & Materials/Inter-Regular SDF.asset
  artifactKey: Guid(2f7116f10747a67409388e93052ae222) Importer(2089858483,b0f066a214c2f5e87bad3c948f4d605d)
Start importing Assets/Samples/Scriptable Render Pipeline Core/17.3.0/Common/TextMesh Pro/Resources/Fonts & Materials/Inter-Regular SDF.asset using Guid(2f7116f10747a67409388e93052ae222) Importer(2089858483,b0f066a214c2f5e87bad3c948f4d605d) (ScriptedImporter) -> (artifact id: '513346e033fbfc0aa42e8c2419cf91bd') in 0.0278895 seconds
Number of updated asset objects reloaded before import = 0Number of asset objects unloaded after import = 3

========================================================================
Received Import Request.
  Time since last request: 0.000014 seconds.
  path: Assets/TextMesh Pro/Shaders/TMPro_Properties.cginc
  artifactKey: Guid(3997e2241185407d80309a82f9148466) Importer(2089858483,b0f066a214c2f5e87bad3c948f4d605d)
Start importing Assets/TextMesh Pro/Shaders/TMPro_Properties.cginc using Guid(3997e2241185407d80309a82f9148466) Importer(2089858483,b0f066a214c2f5e87bad3c948f4d605d) (ScriptedImporter) -> (artifact id: '4226f0f8a5b156fa92e7bf43f2bd576d') in 0.0077535 seconds
Number of updated asset objects reloaded before import = 0Number of asset objects unloaded after import = 1

========================================================================
Received Import Request.
  Time since last request: 0.000022 seconds.
  path: Assets/Samples/Visual Effect Graph/17.3.0/Learning Templates/Shaders/SG_DecalHead.shadergraph
  artifactKey: Guid(402904fec7b70854cb19199e41e7c35c) Importer(2089858483,b0f066a214c2f5e87bad3c948f4d605d)
Start importing Assets/Samples/Visual Effect Graph/17.3.0/Learning Templates/Shaders/SG_DecalHead.shadergraph using Guid(402904fec7b70854cb19199e41e7c35c) Importer(2089858483,b0f066a214c2f5e87bad3c948f4d605d) (ScriptedImporter) -> (artifact id: '91193476ef0aa4057496fe813b656033') in 0.0109969 seconds
Number of updated asset objects reloaded before import = 0Number of asset objects unloaded after import = 5

========================================================================
Received Import Request.
  Time since last request: 0.000012 seconds.
  path: Assets/Samples/Visual Effect Graph/17.3.0/Learning Templates/Textures
  artifactKey: Guid(648dfa9520eb5c6429af18561748bff0) Importer(2089858483,b0f066a214c2f5e87bad3c948f4d605d)
Start importing Assets/Samples/Visual Effect Graph/17.3.0/Learning Templates/Textures using Guid(648dfa9520eb5c6429af18561748bff0) Importer(2089858483,b0f066a214c2f5e87bad3c948f4d605d) (ScriptedImporter) -> (artifact id: 'b82bd779e396057cc5c1edca14270204') in 0.0078082 seconds
Number of updated asset objects reloaded before import = 0Number of asset objects unloaded after import = 1

========================================================================
Received Import Request.
  Time since last request: 0.000014 seconds.
  path: Assets/TextMesh Pro/Shaders/TMP_SDF-Surface-Mobile.shader
  artifactKey: Guid(85187c2149c549c5b33f0cdb02836b17) Importer(2089858483,b0f066a214c2f5e87bad3c948f4d605d)
Start importing Assets/TextMesh Pro/Shaders/TMP_SDF-Surface-Mobile.shader using Guid(85187c2149c549c5b33f0cdb02836b17) Importer(2089858483,b0f066a214c2f5e87bad3c948f4d605d) (ScriptedImporter) -> (artifact id: '55078d4702bea3baea59d90c4a580a3e') in 0.0076775 seconds
Number of updated asset objects reloaded before import = 0Number of asset objects unloaded after import = 1

========================================================================
Received Import Request.
  Time since last request: 0.000013 seconds.
  path: Assets/TextMesh Pro/Shaders
  artifactKey: Guid(e9f693669af91aa45ad615fc681ed29f) Importer(2089858483,b0f066a214c2f5e87bad3c948f4d605d)
Start importing Assets/TextMesh Pro/Shaders using Guid(e9f693669af91aa45ad615fc681ed29f) Importer(2089858483,b0f066a214c2f5e87bad3c948f4d605d) (ScriptedImporter) -> (artifact id: '3162f825e538eec38130f6e94e35ffc8') in 0.0067924 seconds
Number of updated asset objects reloaded before import = 0Number of asset objects unloaded after import = 1

========================================================================
Received Import Request.
  Time since last request: 0.000010 seconds.
  path: Assets/Samples/Visual Effect Graph/17.3.0/Learning Templates/Shaders/SG_Dart.shadergraph
  artifactKey: Guid(331b7aa3214267b48b691891b04fa18c) Importer(2089858483,b0f066a214c2f5e87bad3c948f4d605d)
Start importing Assets/Samples/Visual Effect Graph/17.3.0/Learning Templates/Shaders/SG_Dart.shadergraph using Guid(331b7aa3214267b48b691891b04fa18c) Importer(2089858483,b0f066a214c2f5e87bad3c948f4d605d) (ScriptedImporter) -> (artifact id: 'e0a38e1b2b5077029fa1b5351a3687e5') in 0.0102707 seconds
Number of updated asset objects reloaded before import = 0Number of asset objects unloaded after import = 5

========================================================================
Received Import Request.
  Time since last request: 0.000019 seconds.
  path: Assets/TextMesh Pro/Shaders/TMPro_Surface.cginc
  artifactKey: Guid(d930090c0cd643c7b55f19a38538c162) Importer(2089858483,b0f066a214c2f5e87bad3c948f4d605d)
Start importing Assets/TextMesh Pro/Shaders/TMPro_Surface.cginc using Guid(d930090c0cd643c7b55f19a38538c162) Importer(2089858483,b0f066a214c2f5e87bad3c948f4d605d) (ScriptedImporter) -> (artifact id: '1a6b4ecbaff2b7a250e8308093023008') in 0.0065174 seconds
Number of updated asset objects reloaded before import = 0Number of asset objects unloaded after import = 1

========================================================================
Received Import Request.
  Time since last request: 0.000017 seconds.
  path: Assets/Samples/Visual Effect Graph/17.3.0/Learning Templates/Prefabs/VFXG/Multi-Strip Periodic Burst.prefab
  artifactKey: Guid(2be12f8c25180574d8decb431753349d) Importer(2089858483,b0f066a214c2f5e87bad3c948f4d605d)
Start importing Assets/Samples/Visual Effect Graph/17.3.0/Learning Templates/Prefabs/VFXG/Multi-Strip Periodic Burst.prefab using Guid(2be12f8c25180574d8decb431753349d) Importer(2089858483,b0f066a214c2f5e87bad3c948f4d605d) (ScriptedImporter) -> (artifact id: 'f6cdd7658e47376cfec55c7a1ff95afa') in 0.0190295 seconds
Number of updated asset objects reloaded before import = 0Number of asset objects unloaded after import = 246

========================================================================
Received Import Request.
  Time since last request: 0.000014 seconds.
  path: Assets/TextMesh Pro/Shaders/TMP_SDF-HDRP LIT.shadergraph
  artifactKey: Guid(ca2ed216f98028c4dae6c5224a952b3c) Importer(2089858483,b0f066a214c2f5e87bad3c948f4d605d)
Start importing Assets/TextMesh Pro/Shaders/TMP_SDF-HDRP LIT.shadergraph using Guid(ca2ed216f98028c4dae6c5224a952b3c) Importer(2089858483,b0f066a214c2f5e87bad3c948f4d605d) (ScriptedImporter) -> (artifact id: 'c0af5968c2175fcff1ca2105211c41e7') in 0.010169 seconds
Number of updated asset objects reloaded before import = 0Number of asset objects unloaded after import = 3

========================================================================
Received Import Request.
  Time since last request: 0.000015 seconds.
  path: Assets/Samples/Scriptable Render Pipeline Core/17.3.0/Common/Materials/Shaders/MaterialBall.shadergraph
  artifactKey: Guid(72e3d8f059617ed48896674bd7da8778) Importer(2089858483,b0f066a214c2f5e87bad3c948f4d605d)
Start importing Assets/Samples/Scriptable Render Pipeline Core/17.3.0/Common/Materials/Shaders/MaterialBall.shadergraph using Guid(72e3d8f059617ed48896674bd7da8778) Importer(2089858483,b0f066a214c2f5e87bad3c948f4d605d) (ScriptedImporter) -> (artifact id: '9abd1e047f5db6ef107781dced644a26') in 0.010648 seconds
Number of updated asset objects reloaded before import = 0Number of asset objects unloaded after import = 4

========================================================================
Received Import Request.
  Time since last request: 0.000015 seconds.
  path: Assets/Samples/Visual Effect Graph/17.3.0/Learning Templates/Textures/TX_Flipbook_Unity_B.png
  artifactKey: Guid(20e2d7aacdba99a47bfa8f2ffaf6df3f) Importer(2089858483,b0f066a214c2f5e87bad3c948f4d605d)
Start importing Assets/Samples/Visual Effect Graph/17.3.0/Learning Templates/Textures/TX_Flipbook_Unity_B.png using Guid(20e2d7aacdba99a47bfa8f2ffaf6df3f) Importer(2089858483,b0f066a214c2f5e87bad3c948f4d605d) (ScriptedImporter) -> (artifact id: '66611690604efee46291a31fbcc973ec') in 0.0105193 seconds
Number of updated asset objects reloaded before import = 0Number of asset objects unloaded after import = 1

========================================================================
Received Import Request.
  Time since last request: 0.000014 seconds.
  path: Assets/TextMesh Pro/Shaders/TMPro_Mobile.cginc
  artifactKey: Guid(c334973cef89a9840b0b0c507e0377ab) Importer(2089858483,b0f066a214c2f5e87bad3c948f4d605d)
Start importing Assets/TextMesh Pro/Shaders/TMPro_Mobile.cginc using Guid(c334973cef89a9840b0b0c507e0377ab) Importer(2089858483,b0f066a214c2f5e87bad3c948f4d605d) (ScriptedImporter) -> (artifact id: '2ca1238ee968779db50bfa0325542968') in 0.0066507 seconds
Number of updated asset objects reloaded before import = 0Number of asset objects unloaded after import = 1

========================================================================
Received Import Request.
  Time since last request: 0.000018 seconds.
  path: Assets/TextMesh Pro/Resources/Sprite Assets
  artifactKey: Guid(512a49d95c0c4332bdd98131869c23c9) Importer(2089858483,b0f066a214c2f5e87bad3c948f4d605d)
Start importing Assets/TextMesh Pro/Resources/Sprite Assets using Guid(512a49d95c0c4332bdd98131869c23c9) Importer(2089858483,b0f066a214c2f5e87bad3c948f4d605d) (ScriptedImporter) -> (artifact id: '01d5590dc426621c18acfed7f384c921') in 0.0064365 seconds
Number of updated asset objects reloaded before import = 0Number of asset objects unloaded after import = 1

========================================================================
Received Import Request.
  Time since last request: 0.000011 seconds.
  path: Assets/TextMesh Pro/Fonts/LiberationSans.ttf
  artifactKey: Guid(e3265ab4bf004d28a9537516768c1c75) Importer(2089858483,b0f066a214c2f5e87bad3c948f4d605d)
Start importing Assets/TextMesh Pro/Fonts/LiberationSans.ttf using Guid(e3265ab4bf004d28a9537516768c1c75) Importer(2089858483,b0f066a214c2f5e87bad3c948f4d605d) (ScriptedImporter) -> (artifact id: '10514a4faa1654d0b9f336d6f7ff82a5') in 0.0139273 seconds
Number of updated asset objects reloaded before import = 0Number of asset objects unloaded after import = 3

========================================================================
Received Import Request.
  Time since last request: 0.000013 seconds.
  path: Assets/TextMesh Pro/Shaders/TMP_SDF-Mobile Overlay.shader
  artifactKey: Guid(a02a7d8c237544f1962732b55a9aebf1) Importer(2089858483,b0f066a214c2f5e87bad3c948f4d605d)
Start importing Assets/TextMesh Pro/Shaders/TMP_SDF-Mobile Overlay.shader using Guid(a02a7d8c237544f1962732b55a9aebf1) Importer(2089858483,b0f066a214c2f5e87bad3c948f4d605d) (ScriptedImporter) -> (artifact id: '37f902de8198194766583548c27b8537') in 0.0075421 seconds
Number of updated asset objects reloaded before import = 0Number of asset objects unloaded after import = 1

========================================================================
Received Import Request.
  Time since last request: 0.000012 seconds.
  path: Assets/TextMesh Pro/Shaders/SDFFunctions.hlsl
  artifactKey: Guid(96de908384869cd409c75efa351d5edf) Importer(2089858483,b0f066a214c2f5e87bad3c948f4d605d)
Start importing Assets/TextMesh Pro/Shaders/SDFFunctions.hlsl using Guid(96de908384869cd409c75efa351d5edf) Importer(2089858483,b0f066a214c2f5e87bad3c948f4d605d) (ScriptedImporter) -> (artifact id: '2178ed820ef984cf30d8ba8c0b955934') in 0.0074431 seconds
Number of updated asset objects reloaded before import = 0Number of asset objects unloaded after import = 1

========================================================================
Received Import Request.
  Time since last request: 0.000012 seconds.
  path: Assets/TextMesh Pro/Shaders/TMP_SDF-HDRP UNLIT.shadergraph
  artifactKey: Guid(f63d574838ccfb44f84acc05fed0af48) Importer(2089858483,b0f066a214c2f5e87bad3c948f4d605d)
Start importing Assets/TextMesh Pro/Shaders/TMP_SDF-HDRP UNLIT.shadergraph using Guid(f63d574838ccfb44f84acc05fed0af48) Importer(2089858483,b0f066a214c2f5e87bad3c948f4d605d) (ScriptedImporter) -> (artifact id: 'b9f77dee4d23c8733fd43ba29689fc3e') in 0.0116395 seconds
Number of updated asset objects reloaded before import = 0Number of asset objects unloaded after import = 3

========================================================================
Received Import Request.
  Time since last request: 0.000012 seconds.
  path: Assets/TextMesh Pro/Shaders/TMP_Sprite.shader
  artifactKey: Guid(cf81c85f95fe47e1a27f6ae460cf182c) Importer(2089858483,b0f066a214c2f5e87bad3c948f4d605d)
Start importing Assets/TextMesh Pro/Shaders/TMP_Sprite.shader using Guid(cf81c85f95fe47e1a27f6ae460cf182c) Importer(2089858483,b0f066a214c2f5e87bad3c948f4d605d) (ScriptedImporter) -> (artifact id: '35162ae909f5411e2c36debed440255f') in 0.0074163 seconds
Number of updated asset objects reloaded before import = 0Number of asset objects unloaded after import = 1

========================================================================
Received Import Request.
  Time since last request: 0.000018 seconds.
  path: Assets/TextMesh Pro/Shaders/TMPro.cginc
  artifactKey: Guid(407bc68d299748449bbf7f48ee690f8d) Importer(2089858483,b0f066a214c2f5e87bad3c948f4d605d)
Start importing Assets/TextMesh Pro/Shaders/TMPro.cginc using Guid(407bc68d299748449bbf7f48ee690f8d) Importer(2089858483,b0f066a214c2f5e87bad3c948f4d605d) (ScriptedImporter) -> (artifact id: 'bd6954bb5979e217b9cc0428c2899dc1') in 0.0070623 seconds
Number of updated asset objects reloaded before import = 0Number of asset objects unloaded after import = 1

========================================================================
Received Import Request.
  Time since last request: 0.000011 seconds.
  path: Assets/Samples/Visual Effect Graph/17.3.0/Learning Templates/Thumbnails/Thumb_Spawn Context.png
  artifactKey: Guid(92301f5ec2ae13446a380b57f6d3614f) Importer(2089858483,b0f066a214c2f5e87bad3c948f4d605d)
Start importing Assets/Samples/Visual Effect Graph/17.3.0/Learning Templates/Thumbnails/Thumb_Spawn Context.png using Guid(92301f5ec2ae13446a380b57f6d3614f) Importer(2089858483,b0f066a214c2f5e87bad3c948f4d605d) (ScriptedImporter) -> (artifact id: '0a5390b5befb1fa756ec7cc5764d02a6') in 0.0096842 seconds
Number of updated asset objects reloaded before import = 0Number of asset objects unloaded after import = 1

========================================================================
Received Import Request.
  Time since last request: 0.080465 seconds.
  path: Assets/Samples/Scriptable Render Pipeline Core/17.3.0/Common/Prefabs/Presentation/Backdrop.prefab
  artifactKey: Guid(b65989cf76448c8499b08d6bc1143068) Importer(2089858483,b0f066a214c2f5e87bad3c948f4d605d)
Start importing Assets/Samples/Scriptable Render Pipeline Core/17.3.0/Common/Prefabs/Presentation/Backdrop.prefab using Guid(b65989cf76448c8499b08d6bc1143068) Importer(2089858483,b0f066a214c2f5e87bad3c948f4d605d) (ScriptedImporter) -> (artifact id: '72c0da93b58871830941390df42e19d4') in 0.0085532 seconds
Number of updated asset objects reloaded before import = 0Number of asset objects unloaded after import = 18

========================================================================
Received Import Request.
  Time since last request: 0.000014 seconds.
  path: Assets/Samples/Scriptable Render Pipeline Core/17.3.0/Common/Scripts/RequiredSettings/RequiredSettingBase.cs
  artifactKey: Guid(1aebe677b50378d448d5406479ce8141) Importer(2089858483,b0f066a214c2f5e87bad3c948f4d605d)
Start importing Assets/Samples/Scriptable Render Pipeline Core/17.3.0/Common/Scripts/RequiredSettings/RequiredSettingBase.cs using Guid(1aebe677b50378d448d5406479ce8141) Importer(2089858483,b0f066a214c2f5e87bad3c948f4d605d) (ScriptedImporter) -> (artifact id: '7eff842686a9c45411e93f4d34b726f5') in 0.0085926 seconds
Number of updated asset objects reloaded before import = 0Number of asset objects unloaded after import = 0

========================================================================
Received Import Request.
  Time since last request: 0.405198 seconds.
  path: Assets/Samples/Visual Effect Graph/17.3.0/Common/Meshes/Chomper.FBX
  artifactKey: Guid(2732fe64dd2799f439fb845921df626b) Importer(2089858483,b0f066a214c2f5e87bad3c948f4d605d)
Start importing Assets/Samples/Visual Effect Graph/17.3.0/Common/Meshes/Chomper.FBX using Guid(2732fe64dd2799f439fb845921df626b) Importer(2089858483,b0f066a214c2f5e87bad3c948f4d605d) (ScriptedImporter) -> (artifact id: 'd978141da2835dcbd98efe96f2c890ff') in 0.0186534 seconds
Number of updated asset objects reloaded before import = 0Number of asset objects unloaded after import = 208

========================================================================
Received Import Request.
  Time since last request: 0.000014 seconds.
  path: Assets/Samples/Visual Effect Graph/17.3.0/Common/Meshes/ChomperWalkForward.anim
  artifactKey: Guid(68ca9bfc045038d44ba3c42a8b4335b2) Importer(2089858483,b0f066a214c2f5e87bad3c948f4d605d)
Start importing Assets/Samples/Visual Effect Graph/17.3.0/Common/Meshes/ChomperWalkForward.anim using Guid(68ca9bfc045038d44ba3c42a8b4335b2) Importer(2089858483,b0f066a214c2f5e87bad3c948f4d605d) (ScriptedImporter) -> (artifact id: '4d670e5a19f50a3cc67c201af0235ce3') in 0.025675 seconds
Number of updated asset objects reloaded before import = 0Number of asset objects unloaded after import = 1

========================================================================
Received Import Request.
  Time since last request: 0.379057 seconds.
  path: Assets/Samples/Scriptable Render Pipeline Core/17.3.0/Common/Models/NameHolder.fbx
  artifactKey: Guid(b1ea906854b8cf444a09a59ace7575a8) Importer(2089858483,b0f066a214c2f5e87bad3c948f4d605d)
Start importing Assets/Samples/Scriptable Render Pipeline Core/17.3.0/Common/Models/NameHolder.fbx using Guid(b1ea906854b8cf444a09a59ace7575a8) Importer(2089858483,b0f066a214c2f5e87bad3c948f4d605d) (ScriptedImporter) -> (artifact id: '8265ff68e03da3d1e2601d78c1c5f3ec') in 0.0125787 seconds
Number of updated asset objects reloaded before import = 0Number of asset objects unloaded after import = 9

========================================================================
Received Import Request.
  Time since last request: 0.000011 seconds.
  path: Assets/Samples/Scriptable Render Pipeline Core/17.3.0/Common/TextMesh Pro/Resources/Fonts & Materials/SamplesLit_Inter.shadergraph
  artifactKey: Guid(f8605069e61e60e4685c8e97ead17a56) Importer(2089858483,b0f066a214c2f5e87bad3c948f4d605d)
Start importing Assets/Samples/Scriptable Render Pipeline Core/17.3.0/Common/TextMesh Pro/Resources/Fonts & Materials/SamplesLit_Inter.shadergraph using Guid(f8605069e61e60e4685c8e97ead17a56) Importer(2089858483,b0f066a214c2f5e87bad3c948f4d605d) (ScriptedImporter) -> (artifact id: '79ff656554b82657c1cd01f404b4df4a') in 0.1638082 seconds
Number of updated asset objects reloaded before import = 0Number of asset objects unloaded after import = 7

========================================================================
Received Import Request.
  Time since last request: 0.242518 seconds.
  path: Assets/Samples/Scriptable Render Pipeline Core/17.3.0/Common/Materials/Shaders/SamplesBackdrop.shadergraph
  artifactKey: Guid(137a9d0b49032c544abaff345d2c4f5c) Importer(2089858483,b0f066a214c2f5e87bad3c948f4d605d)
Start importing Assets/Samples/Scriptable Render Pipeline Core/17.3.0/Common/Materials/Shaders/SamplesBackdrop.shadergraph using Guid(137a9d0b49032c544abaff345d2c4f5c) Importer(2089858483,b0f066a214c2f5e87bad3c948f4d605d) (ScriptedImporter) -> (artifact id: 'f8ce43e8cd726f4ba415dd4d5cbb4ad7') in 0.1305384 seconds
Number of updated asset objects reloaded before import = 0Number of asset objects unloaded after import = 6

========================================================================
Received Import Request.
  Time since last request: 0.335495 seconds.
  path: Assets/Samples/Visual Effect Graph/17.3.0/Learning Templates/Thumbnails/Thumb_Trigger Event Advanced.png
  artifactKey: Guid(af98832125f677e4abbc689a14b778b9) Importer(2089858483,b0f066a214c2f5e87bad3c948f4d605d)
Start importing Assets/Samples/Visual Effect Graph/17.3.0/Learning Templates/Thumbnails/Thumb_Trigger Event Advanced.png using Guid(af98832125f677e4abbc689a14b778b9) Importer(2089858483,b0f066a214c2f5e87bad3c948f4d605d) (ScriptedImporter) -> (artifact id: 'd6cb143610325baa7b1573516289a210') in 0.0108072 seconds
Number of updated asset objects reloaded before import = 0Number of asset objects unloaded after import = 1

Editor requested this worker to shutdown with reason: Scaling down because of idle timeout
AssetImportWorker is now disconnected from the server
Process exiting
Exiting without the bug reporter. Application will terminate with return code 0