[Licensing::Module] Trying to connect to existing licensing client channel...
[Licensing::IpcConnector] Successfully connected to: "LicenseClient-piotr" at "2026-03-12T07:28:10.7814481Z"
Built from '6000.3/staging' branch; Version is '6000.3.10f1 (e35f0c77bd8e) revision 14901004'; Using compiler version '194234433'; Build Type 'Release'
OS: 'Windows 11  (10.0.26200) Core' Language: 'pl' Physical Memory: 31887 MB
BatchMode: 1, IsHumanControllingUs: 0, StartBugReporterOnCrash: 0, Is64bit: 1
System  architecture: x64
Process architecture: x64
Date: 2026-03-12T07:28:10Z

COMMAND LINE ARGUMENTS:
C:\Program Files\Unity\Hub\Editor\6000.3.10f1\Editor\Unity.exe
-adb2
-batchMode
-noUpm
-name
AssetImportWorker4
-projectPath
C:/Users/piotr/Desktop/UNITY/asteroids-demo-yt
-logFile
Logs/AssetImportWorker4.log
-srvPort
54335
-licensingIpc
LicenseClient-piotr
-job-worker-count
7
-background-job-worker-count
8
-gc-helper-count
1
-name
AssetImport
Successfully changed project path to: C:/Users/piotr/Desktop/UNITY/asteroids-demo-yt
C:/Users/piotr/Desktop/UNITY/asteroids-demo-yt
[UnityMemory] Configuration Parameters - Can be set up in boot.config
    "memorysetup-temp-allocator-size-nav-mesh-worker=65536"
    "memorysetup-temp-allocator-size-audio-worker=65536"
    "memorysetup-temp-allocator-size-gfx=262144"
    "memorysetup-allocator-temp-initial-block-size-main=262144"
    "memorysetup-allocator-temp-initial-block-size-worker=262144"
    "memorysetup-temp-allocator-size-background-worker=32768"
    "memorysetup-temp-allocator-size-job-worker=262144"
    "memorysetup-temp-allocator-size-preload-manager=33554432"
    "memorysetup-temp-allocator-size-gi-baking-worker=262144"
    "memorysetup-temp-allocator-size-gi-baking-worker=262144"
    "memorysetup-temp-allocator-size-gi-baking-worker=262144"
    "memorysetup-temp-allocator-size-gi-baking-worker=262144"
    "memorysetup-temp-allocator-size-gi-baking-worker=262144"
    "memorysetup-bucket-allocator-granularity=16"
    "memorysetup-bucket-allocator-bucket-count=8"
    "memorysetup-bucket-allocator-block-size=33554432"
    "memorysetup-bucket-allocator-block-count=8"
    "memorysetup-main-allocator-block-size=16777216"
    "memorysetup-thread-allocator-block-size=16777216"
    "memorysetup-gfx-main-allocator-block-size=16777216"
    "memorysetup-gfx-thread-allocator-block-size=16777216"
    "memorysetup-cache-allocator-block-size=4194304"
    "memorysetup-typetree-allocator-block-size=2097152"
    "memorysetup-profiler-bucket-allocator-granularity=16"
    "memorysetup-profiler-bucket-allocator-bucket-count=8"
    "memorysetup-profiler-bucket-allocator-block-size=33554432"
    "memorysetup-profiler-bucket-allocator-block-count=8"
    "memorysetup-profiler-allocator-block-size=16777216"
    "memorysetup-profiler-editor-allocator-block-size=1048576"
    "memorysetup-temp-allocator-size-main=16777216"
    "memorysetup-job-temp-allocator-block-size=2097152"
    "memorysetup-job-temp-allocator-block-size-background=1048576"
    "memorysetup-job-temp-allocator-reduction-small-platforms=262144"
    "memorysetup-temp-allocator-size-cloud-worker=32768"
Player connection [28196]  Target information:

Player connection [28196]  * "[IP] 192.168.1.185 [Port] 0 [Flags] 2 [Guid] 2542848268 [EditorId] 2542848268 [Version] 1048832 [Id] WindowsEditor(7,Kombajn_piotrek) [Debug] 1 [PackageName] WindowsEditor [ProjectName] Editor" 

Player connection [28196] Host joined multi-casting on [225.0.0.222:54997]...
Player connection [28196] Host joined alternative multi-casting on [225.0.0.222:34997]...
JobSystem: Creating JobQueue using job-worker-count value 7
Input System module state changed to: Initialized.
[Physics::Module] Initialized fallback backend.
[Physics::Module] Id: 0xdecafbad
Library Redirect Path: Library/
[Physics::Module] Selected backend.
[Physics::Module] Name: PhysX
[Physics::Module] Id: 0xf2b8ea05
[Physics::Module] SDK Version: 4.1.2
[Physics::Module] Integration Version: 1.0.0
[Physics::Module] Threading Mode: Multi-Threaded
Refreshing native plugins compatible for Editor in 77.82 ms, found 4 plugins.
Preloading 0 native plugins for Editor in 0.00 ms.
Initialize engine version: 6000.3.10f1 (e35f0c77bd8e)
[Subsystems] Discovering subsystems at path C:/Program Files/Unity/Hub/Editor/6000.3.10f1/Editor/Data/Resources/UnitySubsystems
[Subsystems] Discovering subsystems at path C:/Users/piotr/Desktop/UNITY/asteroids-demo-yt/Assets
GfxDevice: creating device client; kGfxThreadingModeNonThreaded
Direct3D:
    Version:  Direct3D 11.0 [level 11.1]
    Renderer: NVIDIA GeForce RTX 5080 (ID=0x2c02)
    Vendor:   NVIDIA
    VRAM:     15977 MB
    Driver:   32.0.15.9571
Shader 'TextMeshPro/Distance Field SSD': fallback shader 'TextMeshPro/Mobile/Distance Field' not found
Shader 'TextMeshPro/Distance Field': fallback shader 'TextMeshPro/Mobile/Distance Field' not found
Shader 'TextMeshPro/Distance Field Overlay': fallback shader 'TextMeshPro/Mobile/Distance Field' not found
Initialize mono
Mono path[0] = 'C:/Program Files/Unity/Hub/Editor/6000.3.10f1/Editor/Data/Managed'
Mono path[1] = 'C:/Program Files/Unity/Hub/Editor/6000.3.10f1/Editor/Data/MonoBleedingEdge/lib/mono/unityjit-win32'
Mono config path = 'C:/Program Files/Unity/Hub/Editor/6000.3.10f1/Editor/Data/MonoBleedingEdge/etc'
Using monoOptions --debugger-agent=transport=dt_socket,embedding=1,server=y,suspend=n,address=127.0.0.1:56104
[Licensing::Client] Handshaking with LicensingClient:
  Version:                 1.17.4+4293ba1
  Session Id:              e69f7e302635463680f87c66c96e23f1
  Correlation Id:          f081d6157c2908c12f757cb750cfdbaa
  External correlation Id: 3273303002310335789
  Machine Id:              zyBeOYHJWJ1cBqWZkwmfIUahB5I=
[Licensing::Module] Successfully connected to LicensingClient on channel: "LicenseClient-piotr" (connect: 0.00s, validation: 0.00s, handshake: 0.80s)
[Licensing::IpcConnector] Successfully connected to: "LicenseClient-piotr-notifications" at "2026-03-12T07:28:11.5836833Z"
[Licensing::Module] Licensing Background thread has ended after 0.80s
Begin MonoManager ReloadAssembly
Registering precompiled unity dll's ...
Register platform support module: C:/Program Files/Unity/Hub/Editor/6000.3.10f1/Editor/Data/PlaybackEngines/WindowsStandaloneSupport/UnityEditor.WindowsStandalone.Extensions.dll
Registered in 0.001587 seconds.
- Loaded All Assemblies, in  0.783 seconds
Native extension for WindowsStandalone target not found
ScheduleIndexationOnStartup MainProcess:False IndexOnStartup:True
Mono: successfully reloaded assembly
- Finished resetting the current domain, in  0.308 seconds
Domain Reload Profiling: 1089ms
	BeginReloadAssembly (96ms)
		ExecutionOrderSort (0ms)
		DisableScriptedObjects (0ms)
		BackupInstance (0ms)
		ReleaseScriptingObjects (0ms)
		CreateAndSetChildDomain (0ms)
	RebuildCommonClasses (138ms)
	RebuildNativeTypeToScriptingClass (10ms)
	initialDomainReloadingComplete (34ms)
	LoadAllAssembliesAndSetupDomain (504ms)
		LoadAssemblies (93ms)
		RebuildTransferFunctionScriptingTraits (0ms)
		AnalyzeDomain (502ms)
			TypeCache.Refresh (501ms)
				TypeCache.ScanAssembly (351ms)
			BuildScriptInfoCaches (0ms)
			ResolveRequiredComponents (0ms)
	FinalizeReload (308ms)
		ReleaseScriptCaches (0ms)
		RebuildScriptCaches (0ms)
		SetupLoadedEditorAssemblies (270ms)
			LogAssemblyErrors (0ms)
			InitializePlatformSupportModulesInManaged (37ms)
			SetLoadedEditorAssemblies (3ms)
			BeforeProcessingInitializeOnLoad (61ms)
			ProcessInitializeOnLoadAttributes (115ms)
			ProcessInitializeOnLoadMethodAttributes (55ms)
			AfterProcessingInitializeOnLoad (0ms)
			EditorAssembliesLoaded (0ms)
		ExecutionOrderSort2 (0ms)
		AwakeInstancesAfterBackupRestoration (0ms)
========================================================================
Worker process is ready to serve import requests
Import Worker Mode flag is 0x00
Begin MonoManager ReloadAssembly
[Licensing::Client] Successfully resolved entitlement details
[Licensing::Module] License group:
  Id: 1375834625606-UnityPersXXXX
  Product: Unity Personal
  Type: Assigned
  Expiration: Unlimited
- Loaded All Assemblies, in  0.613 seconds
Refreshing native plugins compatible for Editor in 1.34 ms, found 4 plugins.
Native extension for WindowsStandalone target not found
Package Manager log level set to [2]
[Package Manager] Failed to launch server process. Reason: Unity was launched with the -noUpm command-line argument
[Package Manager] Unable to send message (not connected to server process).
[Package Manager] Cannot connect to Unity Package Manager local server
ScheduleIndexationOnStartup MainProcess:False IndexOnStartup:True
Mono: successfully reloaded assembly
- Finished resetting the current domain, in  0.715 seconds
Domain Reload Profiling: 1323ms
	BeginReloadAssembly (127ms)
		ExecutionOrderSort (0ms)
		DisableScriptedObjects (4ms)
		BackupInstance (0ms)
		ReleaseScriptingObjects (0ms)
		CreateAndSetChildDomain (26ms)
	RebuildCommonClasses (27ms)
	RebuildNativeTypeToScriptingClass (10ms)
	initialDomainReloadingComplete (30ms)
	LoadAllAssembliesAndSetupDomain (414ms)
		LoadAssemblies (256ms)
		RebuildTransferFunctionScriptingTraits (0ms)
		AnalyzeDomain (225ms)
			TypeCache.Refresh (156ms)
				TypeCache.ScanAssembly (145ms)
			BuildScriptInfoCaches (58ms)
			ResolveRequiredComponents (8ms)
	FinalizeReload (715ms)
		ReleaseScriptCaches (0ms)
		RebuildScriptCaches (0ms)
		SetupLoadedEditorAssemblies (487ms)
			LogAssemblyErrors (0ms)
			InitializePlatformSupportModulesInManaged (1ms)
			SetLoadedEditorAssemblies (3ms)
			BeforeProcessingInitializeOnLoad (116ms)
			ProcessInitializeOnLoadAttributes (277ms)
			ProcessInitializeOnLoadMethodAttributes (85ms)
			AfterProcessingInitializeOnLoad (5ms)
			EditorAssembliesLoaded (0ms)
		ExecutionOrderSort2 (0ms)
		AwakeInstancesAfterBackupRestoration (4ms)
Launched and connected shader compiler UnityShaderCompiler.exe after 0.01 seconds
Refreshing native plugins compatible for Editor in 1.91 ms, found 4 plugins.
Preloading 0 native plugins for Editor in 0.00 ms.
Unloading 22 Unused Serialized files (Serialized files now loaded: 0)
Unloading 7576 unused Assets / (5.4 MB). Loaded Objects now: 8476.
Memory consumption went from 193.3 MB to 187.8 MB.
Total: 14.615400 ms (FindLiveObjects: 1.102700 ms CreateObjectMapping: 1.076200 ms MarkObjects: 9.166300 ms  DeleteObjects: 3.269700 ms)

========================================================================
Received Import Request.
  Time since last request: 232838.701613 seconds.
  path: Assets/Samples/Visual Effect Graph/17.3.0/Learning Templates/Meshes
  artifactKey: Guid(47eff4d5052e1784f8a3f540a90ea0cb) Importer(2089858483,b0f066a214c2f5e87bad3c948f4d605d)
Start importing Assets/Samples/Visual Effect Graph/17.3.0/Learning Templates/Meshes using Guid(47eff4d5052e1784f8a3f540a90ea0cb) Importer(2089858483,b0f066a214c2f5e87bad3c948f4d605d) (ScriptedImporter) -> (artifact id: 'f1489bc3f084e040cd36ed96f4eafccb') in 0.0557609 seconds
Number of updated asset objects reloaded before import = 0Number of asset objects unloaded after import = 1

========================================================================
Received Import Request.
  Time since last request: 0.000014 seconds.
  path: Assets/Samples/Visual Effect Graph/17.3.0/Learning Templates/Textures/TX_Football_N.png
  artifactKey: Guid(b09e8b920a1f1b445a4b8efa99fbee9d) Importer(2089858483,b0f066a214c2f5e87bad3c948f4d605d)
Start importing Assets/Samples/Visual Effect Graph/17.3.0/Learning Templates/Textures/TX_Football_N.png using Guid(b09e8b920a1f1b445a4b8efa99fbee9d) Importer(2089858483,b0f066a214c2f5e87bad3c948f4d605d) (ScriptedImporter) -> (artifact id: '3a5f15147de56a6ab6029fc745707f0c') in 0.0574698 seconds
Number of updated asset objects reloaded before import = 0Number of asset objects unloaded after import = 1

========================================================================
Received Import Request.
  Time since last request: 0.000011 seconds.
  path: Assets/Samples/Visual Effect Graph/17.3.0/Learning Templates/Thumbnails/Thumb_Rotation & Angle.png
  artifactKey: Guid(0fb02ec51733f84499bed29bbbb0b51e) Importer(2089858483,b0f066a214c2f5e87bad3c948f4d605d)
Start importing Assets/Samples/Visual Effect Graph/17.3.0/Learning Templates/Thumbnails/Thumb_Rotation & Angle.png using Guid(0fb02ec51733f84499bed29bbbb0b51e) Importer(2089858483,b0f066a214c2f5e87bad3c948f4d605d) (ScriptedImporter) -> (artifact id: 'a029495387d5ab3595dae2f42c3ee2a8') in 0.0091903 seconds
Number of updated asset objects reloaded before import = 0Number of asset objects unloaded after import = 1

========================================================================
Received Import Request.
  Time since last request: 0.250231 seconds.
  path: Assets/Samples/Visual Effect Graph/17.3.0/Learning Templates/Meshes/ST_Football.fbx
  artifactKey: Guid(0727dcd1817e77d43a30d971c37c9bfa) Importer(2089858483,b0f066a214c2f5e87bad3c948f4d605d)
Start importing Assets/Samples/Visual Effect Graph/17.3.0/Learning Templates/Meshes/ST_Football.fbx using Guid(0727dcd1817e77d43a30d971c37c9bfa) Importer(2089858483,b0f066a214c2f5e87bad3c948f4d605d) (ScriptedImporter) -> (artifact id: 'd50b28841e3218db55b5d7a17ee904d3') in 0.0479127 seconds
Number of updated asset objects reloaded before import = 0Number of asset objects unloaded after import = 8

========================================================================
Received Import Request.
  Time since last request: 0.000012 seconds.
  path: Assets/Samples/Visual Effect Graph/17.3.0/Learning Templates/Prefabs/VFXG/Capacity.prefab
  artifactKey: Guid(412c1cdff46ae03479699e5a7f3a04c3) Importer(2089858483,b0f066a214c2f5e87bad3c948f4d605d)
Start importing Assets/Samples/Visual Effect Graph/17.3.0/Learning Templates/Prefabs/VFXG/Capacity.prefab using Guid(412c1cdff46ae03479699e5a7f3a04c3) Importer(2089858483,b0f066a214c2f5e87bad3c948f4d605d) (ScriptedImporter) -> (artifact id: '94d5e230febc02b9d18ac091d13e838c') in 0.0258613 seconds
Number of updated asset objects reloaded before import = 0Number of asset objects unloaded after import = 243

========================================================================
Received Import Request.
  Time since last request: 0.000013 seconds.
  path: Assets/Samples/Visual Effect Graph/17.3.0/Learning Templates/Textures/TX_Flipbook_Unity_A.png
  artifactKey: Guid(01d7a13dc63cbc547896083210981c07) Importer(2089858483,b0f066a214c2f5e87bad3c948f4d605d)
Start importing Assets/Samples/Visual Effect Graph/17.3.0/Learning Templates/Textures/TX_Flipbook_Unity_A.png using Guid(01d7a13dc63cbc547896083210981c07) Importer(2089858483,b0f066a214c2f5e87bad3c948f4d605d) (ScriptedImporter) -> (artifact id: '467c78372822c01785dd26e0298ccaa2') in 0.0097648 seconds
Number of updated asset objects reloaded before import = 0Number of asset objects unloaded after import = 1

========================================================================
Received Import Request.
  Time since last request: 0.314786 seconds.
  path: Assets/Samples/Visual Effect Graph/17.3.0/Learning Templates/Prefabs/VFXG/Strip GPU-Event.prefab
  artifactKey: Guid(d77ef93668a41394b94431636b883aa5) Importer(2089858483,b0f066a214c2f5e87bad3c948f4d605d)
Start importing Assets/Samples/Visual Effect Graph/17.3.0/Learning Templates/Prefabs/VFXG/Strip GPU-Event.prefab using Guid(d77ef93668a41394b94431636b883aa5) Importer(2089858483,b0f066a214c2f5e87bad3c948f4d605d) (ScriptedImporter) -> (artifact id: '108f7b7eaa06db418d8a6bc3a28b92b9') in 0.0197566 seconds
Number of updated asset objects reloaded before import = 0Number of asset objects unloaded after import = 251

========================================================================
Received Import Request.
  Time since last request: 0.000010 seconds.
  path: Assets/Samples/Visual Effect Graph/17.3.0/Learning Templates/VFX/SampleTexture2D.vfx
  artifactKey: Guid(e166f36ceb1831f46bea1e17fbc67c5a) Importer(2089858483,b0f066a214c2f5e87bad3c948f4d605d)
Start importing Assets/Samples/Visual Effect Graph/17.3.0/Learning Templates/VFX/SampleTexture2D.vfx using Guid(e166f36ceb1831f46bea1e17fbc67c5a) Importer(2089858483,b0f066a214c2f5e87bad3c948f4d605d) (ScriptedImporter) -> (artifact id: 'b7565860a2f1758c195820126117457b') in 0.012373 seconds
Number of updated asset objects reloaded before import = 0Number of asset objects unloaded after import = 7

========================================================================
Received Import Request.
  Time since last request: 0.000013 seconds.
  path: Assets/Samples/Visual Effect Graph/17.3.0/Learning Templates/Thumbnails/Thumb_TexIndex Attribute.png
  artifactKey: Guid(ec5b3fc4b1b065c48aa4944f0496294a) Importer(2089858483,b0f066a214c2f5e87bad3c948f4d605d)
Start importing Assets/Samples/Visual Effect Graph/17.3.0/Learning Templates/Thumbnails/Thumb_TexIndex Attribute.png using Guid(ec5b3fc4b1b065c48aa4944f0496294a) Importer(2089858483,b0f066a214c2f5e87bad3c948f4d605d) (ScriptedImporter) -> (artifact id: 'e37c0421d4980f357f1061b04ab68717') in 0.0086063 seconds
Number of updated asset objects reloaded before import = 0Number of asset objects unloaded after import = 1

========================================================================
Received Import Request.
  Time since last request: 0.000015 seconds.
  path: Assets/Samples/Visual Effect Graph/17.3.0/Learning Templates/Scenes/URP_VFX_Learning_Templates/ReflectionProbe-0.exr
  artifactKey: Guid(b3a49846d72d43945a3925f63e416c20) Importer(2089858483,b0f066a214c2f5e87bad3c948f4d605d)
Start importing Assets/Samples/Visual Effect Graph/17.3.0/Learning Templates/Scenes/URP_VFX_Learning_Templates/ReflectionProbe-0.exr using Guid(b3a49846d72d43945a3925f63e416c20) Importer(2089858483,b0f066a214c2f5e87bad3c948f4d605d) (ScriptedImporter) -> (artifact id: 'ffce3a96dde5ac6e4d6523e670dee5fa') in 0.0095569 seconds
Number of updated asset objects reloaded before import = 0Number of asset objects unloaded after import = 1

========================================================================
Received Import Request.
  Time since last request: 0.324632 seconds.
  path: Assets/Samples/Visual Effect Graph/17.3.0/Learning Templates/Shaders/SG_Eyes.shadergraph
  artifactKey: Guid(13e06dbb68b37e642973a0196ea11fd1) Importer(2089858483,b0f066a214c2f5e87bad3c948f4d605d)
Start importing Assets/Samples/Visual Effect Graph/17.3.0/Learning Templates/Shaders/SG_Eyes.shadergraph using Guid(13e06dbb68b37e642973a0196ea11fd1) Importer(2089858483,b0f066a214c2f5e87bad3c948f4d605d) (ScriptedImporter) -> (artifact id: 'b1a65d2b87793c7b3d43ccc83880ccd1') in 0.0232158 seconds
Number of updated asset objects reloaded before import = 0Number of asset objects unloaded after import = 5

========================================================================
Received Import Request.
  Time since last request: 0.000010 seconds.
  path: Assets/Samples/Visual Effect Graph/17.3.0/Learning Templates/Thumbnails/Thumb_MultiStrip_SpawnRate.png
  artifactKey: Guid(fe70339a289765e48b1d8950b4737299) Importer(2089858483,b0f066a214c2f5e87bad3c948f4d605d)
Start importing Assets/Samples/Visual Effect Graph/17.3.0/Learning Templates/Thumbnails/Thumb_MultiStrip_SpawnRate.png using Guid(fe70339a289765e48b1d8950b4737299) Importer(2089858483,b0f066a214c2f5e87bad3c948f4d605d) (ScriptedImporter) -> (artifact id: '3fa53f7dddf83a68b1a864b354cbd20c') in 0.0088122 seconds
Number of updated asset objects reloaded before import = 0Number of asset objects unloaded after import = 1

========================================================================
Received Import Request.
  Time since last request: 0.000014 seconds.
  path: Assets/Samples/Visual Effect Graph/17.3.0/Learning Templates/VFX/CollisionSimple.vfx
  artifactKey: Guid(e075786f47306614894aed1c188c9ce3) Importer(2089858483,b0f066a214c2f5e87bad3c948f4d605d)
Start importing Assets/Samples/Visual Effect Graph/17.3.0/Learning Templates/VFX/CollisionSimple.vfx using Guid(e075786f47306614894aed1c188c9ce3) Importer(2089858483,b0f066a214c2f5e87bad3c948f4d605d) (ScriptedImporter) -> (artifact id: 'c2921f2577420349b59a9873060687cf') in 0.0126127 seconds
Number of updated asset objects reloaded before import = 0Number of asset objects unloaded after import = 8

========================================================================
Received Import Request.
  Time since last request: 0.363709 seconds.
  path: Assets/Samples/Visual Effect Graph/17.3.0/Learning Templates/Prefabs/VFXG/Rotation & Angular Velocity.prefab
  artifactKey: Guid(880de12b545a1a2438644f5c247282f7) Importer(2089858483,b0f066a214c2f5e87bad3c948f4d605d)
Start importing Assets/Samples/Visual Effect Graph/17.3.0/Learning Templates/Prefabs/VFXG/Rotation & Angular Velocity.prefab using Guid(880de12b545a1a2438644f5c247282f7) Importer(2089858483,b0f066a214c2f5e87bad3c948f4d605d) (ScriptedImporter) -> (artifact id: '57bc49ec04039809e72d75bd31e18e6f') in 0.0195031 seconds
Number of updated asset objects reloaded before import = 0Number of asset objects unloaded after import = 254

========================================================================
Received Import Request.
  Time since last request: 0.000014 seconds.
  path: Assets/Samples/Visual Effect Graph/17.3.0/Learning Templates/Prefabs/VFXG/Collision Simple.prefab
  artifactKey: Guid(d0921802ff282224fb72c1b2f4048ec1) Importer(2089858483,b0f066a214c2f5e87bad3c948f4d605d)
Start importing Assets/Samples/Visual Effect Graph/17.3.0/Learning Templates/Prefabs/VFXG/Collision Simple.prefab using Guid(d0921802ff282224fb72c1b2f4048ec1) Importer(2089858483,b0f066a214c2f5e87bad3c948f4d605d) (ScriptedImporter) -> (artifact id: '54737b6460abd028f8b97be36d54ab90') in 0.0190584 seconds
Number of updated asset objects reloaded before import = 0Number of asset objects unloaded after import = 259

========================================================================
Received Import Request.
  Time since last request: 0.000011 seconds.
  path: Assets/Samples/Visual Effect Graph/17.3.0/Learning Templates/Prefabs/VFXG/Trigger Event on Collide.prefab
  artifactKey: Guid(e98e03fc6f7f8d04291539d57bfbe5b8) Importer(2089858483,b0f066a214c2f5e87bad3c948f4d605d)
Start importing Assets/Samples/Visual Effect Graph/17.3.0/Learning Templates/Prefabs/VFXG/Trigger Event on Collide.prefab using Guid(e98e03fc6f7f8d04291539d57bfbe5b8) Importer(2089858483,b0f066a214c2f5e87bad3c948f4d605d) (ScriptedImporter) -> (artifact id: 'f76840b31e62e07e084eae43f66e0093') in 0.0192552 seconds
Number of updated asset objects reloaded before import = 0Number of asset objects unloaded after import = 257

========================================================================
Received Import Request.
  Time since last request: 0.346047 seconds.
  path: Assets/Samples/Visual Effect Graph/17.3.0/Learning Templates
  artifactKey: Guid(4b992b0bacd029d4782e13dfbdcdf8d4) Importer(2089858483,b0f066a214c2f5e87bad3c948f4d605d)
Start importing Assets/Samples/Visual Effect Graph/17.3.0/Learning Templates using Guid(4b992b0bacd029d4782e13dfbdcdf8d4) Importer(2089858483,b0f066a214c2f5e87bad3c948f4d605d) (ScriptedImporter) -> (artifact id: '76b0c4ed1a262407a4e41b4b7190088d') in 0.0074152 seconds
Number of updated asset objects reloaded before import = 0Number of asset objects unloaded after import = 1

========================================================================
Received Import Request.
  Time since last request: 0.000009 seconds.
  path: Assets/Samples/Visual Effect Graph/17.3.0/Learning Templates/Prefabs/VFXG/Bounds.prefab
  artifactKey: Guid(6eb8621b47204894c9333821234ac421) Importer(2089858483,b0f066a214c2f5e87bad3c948f4d605d)
Start importing Assets/Samples/Visual Effect Graph/17.3.0/Learning Templates/Prefabs/VFXG/Bounds.prefab using Guid(6eb8621b47204894c9333821234ac421) Importer(2089858483,b0f066a214c2f5e87bad3c948f4d605d) (ScriptedImporter) -> (artifact id: 'd4115d0db5daa6ff0ee4755261389fb0') in 0.0147034 seconds
Number of updated asset objects reloaded before import = 0Number of asset objects unloaded after import = 242

========================================================================
Received Import Request.
  Time since last request: 0.000011 seconds.
  path: Assets/Samples/Visual Effect Graph/17.3.0/Learning Templates/Textures/TX_Baseball_N.png
  artifactKey: Guid(98731207db48f224082e70e320ce3e9f) Importer(2089858483,b0f066a214c2f5e87bad3c948f4d605d)
Start importing Assets/Samples/Visual Effect Graph/17.3.0/Learning Templates/Textures/TX_Baseball_N.png using Guid(98731207db48f224082e70e320ce3e9f) Importer(2089858483,b0f066a214c2f5e87bad3c948f4d605d) (ScriptedImporter) -> (artifact id: 'b7f6b69c7a68f0dc497b5f7417cb88db') in 0.0083287 seconds
Number of updated asset objects reloaded before import = 0Number of asset objects unloaded after import = 1

========================================================================
Received Import Request.
  Time since last request: 0.000012 seconds.
  path: Assets/Samples/Visual Effect Graph/17.3.0/Learning Templates/VFX/PivotAdvanced.vfx
  artifactKey: Guid(bd5d3a0c8cc0a4748bce4ff39d74c79e) Importer(2089858483,b0f066a214c2f5e87bad3c948f4d605d)
Start importing Assets/Samples/Visual Effect Graph/17.3.0/Learning Templates/VFX/PivotAdvanced.vfx using Guid(bd5d3a0c8cc0a4748bce4ff39d74c79e) Importer(2089858483,b0f066a214c2f5e87bad3c948f4d605d) (ScriptedImporter) -> (artifact id: '227a7f63e0fbb395ba81f82a584f1f9a') in 0.0147485 seconds
Number of updated asset objects reloaded before import = 0Number of asset objects unloaded after import = 11

========================================================================
Received Import Request.
  Time since last request: 0.327061 seconds.
  path: Assets/Samples/Visual Effect Graph/17.3.0/Learning Templates/Meshes/ST_Rubber_Pool.fbx
  artifactKey: Guid(659638221e6db954e8736615d7305aa9) Importer(2089858483,b0f066a214c2f5e87bad3c948f4d605d)
Start importing Assets/Samples/Visual Effect Graph/17.3.0/Learning Templates/Meshes/ST_Rubber_Pool.fbx using Guid(659638221e6db954e8736615d7305aa9) Importer(2089858483,b0f066a214c2f5e87bad3c948f4d605d) (ScriptedImporter) -> (artifact id: '83dabf02457210a0bd6d0f4d8f617f7c') in 0.0111476 seconds
Number of updated asset objects reloaded before import = 0Number of asset objects unloaded after import = 8

========================================================================
Received Import Request.
  Time since last request: 0.000010 seconds.
  path: Assets/Samples/Visual Effect Graph/17.3.0/Learning Templates/Shaders/SG_Pool.shadergraph
  artifactKey: Guid(98752986824ecd644bb549c0c097be31) Importer(2089858483,b0f066a214c2f5e87bad3c948f4d605d)
Start importing Assets/Samples/Visual Effect Graph/17.3.0/Learning Templates/Shaders/SG_Pool.shadergraph using Guid(98752986824ecd644bb549c0c097be31) Importer(2089858483,b0f066a214c2f5e87bad3c948f4d605d) (ScriptedImporter) -> (artifact id: 'e99c83575681e09c0c8b5f8b12988f60') in 0.0097158 seconds
Number of updated asset objects reloaded before import = 0Number of asset objects unloaded after import = 5

========================================================================
Received Import Request.
  Time since last request: 0.000009 seconds.
  path: Assets/Samples/Visual Effect Graph/17.3.0/Learning Templates/Shaders/SG_Loewe.shadergraph
  artifactKey: Guid(f75971b42d3163840980b322e350c9a1) Importer(2089858483,b0f066a214c2f5e87bad3c948f4d605d)
Start importing Assets/Samples/Visual Effect Graph/17.3.0/Learning Templates/Shaders/SG_Loewe.shadergraph using Guid(f75971b42d3163840980b322e350c9a1) Importer(2089858483,b0f066a214c2f5e87bad3c948f4d605d) (ScriptedImporter) -> (artifact id: '577b27cdf3c17cbc9cd941d365d056f3') in 0.013033 seconds
Number of updated asset objects reloaded before import = 0Number of asset objects unloaded after import = 5

========================================================================
Received Import Request.
  Time since last request: 0.000010 seconds.
  path: Assets/Samples/Visual Effect Graph/17.3.0/Learning Templates/VFX/Capacity.vfx
  artifactKey: Guid(d8ac821b2f9954541a191644e9ecc747) Importer(2089858483,b0f066a214c2f5e87bad3c948f4d605d)
Start importing Assets/Samples/Visual Effect Graph/17.3.0/Learning Templates/VFX/Capacity.vfx using Guid(d8ac821b2f9954541a191644e9ecc747) Importer(2089858483,b0f066a214c2f5e87bad3c948f4d605d) (ScriptedImporter) -> (artifact id: '5f5b6d270bd1a9c937ebe5e55e42924c') in 0.0097982 seconds
Number of updated asset objects reloaded before import = 0Number of asset objects unloaded after import = 7

========================================================================
Received Import Request.
  Time since last request: 0.333405 seconds.
  path: Assets/Samples/Visual Effect Graph/17.3.0/Learning Templates/Shaders/M_SoundSystem_Lamp_URP.mat
  artifactKey: Guid(d5de769d0da64c44fbfe910acbc063ff) Importer(2089858483,b0f066a214c2f5e87bad3c948f4d605d)
Start importing Assets/Samples/Visual Effect Graph/17.3.0/Learning Templates/Shaders/M_SoundSystem_Lamp_URP.mat using Guid(d5de769d0da64c44fbfe910acbc063ff) Importer(2089858483,b0f066a214c2f5e87bad3c948f4d605d) (ScriptedImporter) -> (artifact id: '8715f5bd0c2ffb108919e7fadde8379e') in 0.0088431 seconds
Number of updated asset objects reloaded before import = 0Number of asset objects unloaded after import = 2

========================================================================
Received Import Request.
  Time since last request: 0.000009 seconds.
  path: Assets/Samples/Visual Effect Graph/17.3.0/Learning Templates/Meshes/Hoodie.fbx
  artifactKey: Guid(c5b75bc46953f634b8ab4513a8f7f48b) Importer(2089858483,b0f066a214c2f5e87bad3c948f4d605d)
Start importing Assets/Samples/Visual Effect Graph/17.3.0/Learning Templates/Meshes/Hoodie.fbx using Guid(c5b75bc46953f634b8ab4513a8f7f48b) Importer(2089858483,b0f066a214c2f5e87bad3c948f4d605d) (ScriptedImporter) -> (artifact id: 'f3af2692cebfcf9910836e84c92400cd') in 0.031605 seconds
Number of updated asset objects reloaded before import = 0Number of asset objects unloaded after import = 212

========================================================================
Received Import Request.
  Time since last request: 0.000017 seconds.
  path: Assets/Samples/Visual Effect Graph/17.3.0/Learning Templates/Meshes/ST_Petal.fbx
  artifactKey: Guid(3c997643ee658a747b0d6f498f7584f4) Importer(2089858483,b0f066a214c2f5e87bad3c948f4d605d)
Start importing Assets/Samples/Visual Effect Graph/17.3.0/Learning Templates/Meshes/ST_Petal.fbx using Guid(3c997643ee658a747b0d6f498f7584f4) Importer(2089858483,b0f066a214c2f5e87bad3c948f4d605d) (ScriptedImporter) -> (artifact id: '2bb05e0a2d5f6c55fc343d019ac8420f') in 0.0111452 seconds
Number of updated asset objects reloaded before import = 0Number of asset objects unloaded after import = 7

========================================================================
Received Import Request.
  Time since last request: 0.000022 seconds.
  path: Assets/Samples/Visual Effect Graph/17.3.0/Learning Templates/Prefabs/VFXG/Multi-Strip SpawnRate.prefab
  artifactKey: Guid(659767d85eed35e4695b209c06ad1b96) Importer(2089858483,b0f066a214c2f5e87bad3c948f4d605d)
Start importing Assets/Samples/Visual Effect Graph/17.3.0/Learning Templates/Prefabs/VFXG/Multi-Strip SpawnRate.prefab using Guid(659767d85eed35e4695b209c06ad1b96) Importer(2089858483,b0f066a214c2f5e87bad3c948f4d605d) (ScriptedImporter) -> (artifact id: '9a7cf68460c3c54c81da3d379bd195a9') in 0.0171325 seconds
Number of updated asset objects reloaded before import = 0Number of asset objects unloaded after import = 244

========================================================================
Received Import Request.
  Time since last request: 0.000013 seconds.
  path: Assets/Samples/Visual Effect Graph/17.3.0/Learning Templates/VFX/StripSpawnRate.vfx
  artifactKey: Guid(f78050f9f0d59454f85bb860231d6b0d) Importer(2089858483,b0f066a214c2f5e87bad3c948f4d605d)
Start importing Assets/Samples/Visual Effect Graph/17.3.0/Learning Templates/VFX/StripSpawnRate.vfx using Guid(f78050f9f0d59454f85bb860231d6b0d) Importer(2089858483,b0f066a214c2f5e87bad3c948f4d605d) (ScriptedImporter) -> (artifact id: '5ad15981c6ec93c10814805f61673fea') in 0.0104322 seconds
Number of updated asset objects reloaded before import = 0Number of asset objects unloaded after import = 6

========================================================================
Received Import Request.
  Time since last request: 0.251823 seconds.
  path: Assets/Samples/Visual Effect Graph/17.3.0/Learning Templates/Meshes/ST_Eye_Monster.fbx
  artifactKey: Guid(83aa1803a222fff43a016070240b64f3) Importer(2089858483,b0f066a214c2f5e87bad3c948f4d605d)
Start importing Assets/Samples/Visual Effect Graph/17.3.0/Learning Templates/Meshes/ST_Eye_Monster.fbx using Guid(83aa1803a222fff43a016070240b64f3) Importer(2089858483,b0f066a214c2f5e87bad3c948f4d605d) (ScriptedImporter) -> (artifact id: '0b21a2b2d5c6d411f1bf2a941ae43eec') in 0.0144098 seconds
Number of updated asset objects reloaded before import = 0Number of asset objects unloaded after import = 9

========================================================================
Received Import Request.
  Time since last request: 0.000010 seconds.
  path: Assets/Samples/Visual Effect Graph/17.3.0/Learning Templates/VFX/Subgraphs
  artifactKey: Guid(eff513c3027f0ec4bbe4cdb1fd7db470) Importer(2089858483,b0f066a214c2f5e87bad3c948f4d605d)
Start importing Assets/Samples/Visual Effect Graph/17.3.0/Learning Templates/VFX/Subgraphs using Guid(eff513c3027f0ec4bbe4cdb1fd7db470) Importer(2089858483,b0f066a214c2f5e87bad3c948f4d605d) (ScriptedImporter) -> (artifact id: '5e994943280e88475833e48441958fc5') in 0.0062776 seconds
Number of updated asset objects reloaded before import = 0Number of asset objects unloaded after import = 1

========================================================================
Received Import Request.
  Time since last request: 0.000010 seconds.
  path: Assets/Samples/Visual Effect Graph/17.3.0/Learning Templates/Thumbnails/Thumb_Sample Mesh.png
  artifactKey: Guid(cf5431c245bed834286ccdc9b3fd2622) Importer(2089858483,b0f066a214c2f5e87bad3c948f4d605d)
Start importing Assets/Samples/Visual Effect Graph/17.3.0/Learning Templates/Thumbnails/Thumb_Sample Mesh.png using Guid(cf5431c245bed834286ccdc9b3fd2622) Importer(2089858483,b0f066a214c2f5e87bad3c948f4d605d) (ScriptedImporter) -> (artifact id: '8f6996a560605988e363124f80697f51') in 0.0091757 seconds
Number of updated asset objects reloaded before import = 0Number of asset objects unloaded after import = 1

========================================================================
Received Import Request.
  Time since last request: 0.000020 seconds.
  path: Assets/Samples/Visual Effect Graph/17.3.0/Learning Templates/Scenes/URP_Lighting_Settings.lighting
  artifactKey: Guid(6b3a26967d81c0b4ebbc262a6e57d2a7) Importer(2089858483,b0f066a214c2f5e87bad3c948f4d605d)
Start importing Assets/Samples/Visual Effect Graph/17.3.0/Learning Templates/Scenes/URP_Lighting_Settings.lighting using Guid(6b3a26967d81c0b4ebbc262a6e57d2a7) Importer(2089858483,b0f066a214c2f5e87bad3c948f4d605d) (ScriptedImporter)LightingSettings: switching bake backend from 2 to 1.
 -> (artifact id: 'e245c0b7beb6f464a61360c7c3c51abf') in 0.0152609 seconds
Number of updated asset objects reloaded before import = 0Number of asset objects unloaded after import = 1

========================================================================
Received Import Request.
  Time since last request: 0.000013 seconds.
  path: Assets/Samples/Visual Effect Graph/17.3.0/Learning Templates/Thumbnails/Thumb_Strip_SpawnRate.png
  artifactKey: Guid(2d93269a4dab963498f57d6e5b488bb1) Importer(2089858483,b0f066a214c2f5e87bad3c948f4d605d)
Start importing Assets/Samples/Visual Effect Graph/17.3.0/Learning Templates/Thumbnails/Thumb_Strip_SpawnRate.png using Guid(2d93269a4dab963498f57d6e5b488bb1) Importer(2089858483,b0f066a214c2f5e87bad3c948f4d605d) (ScriptedImporter) -> (artifact id: '73004d8d953912558da31c9f4414f869') in 0.009216 seconds
Number of updated asset objects reloaded before import = 0Number of asset objects unloaded after import = 1

========================================================================
Received Import Request.
  Time since last request: 0.271157 seconds.
  path: Assets/Samples/Visual Effect Graph/17.3.0/Learning Templates/Textures/TX_Rough_Crayon.png
  artifactKey: Guid(98f4e238dcb2e4e4baddc3e0e9a70290) Importer(2089858483,b0f066a214c2f5e87bad3c948f4d605d)
Start importing Assets/Samples/Visual Effect Graph/17.3.0/Learning Templates/Textures/TX_Rough_Crayon.png using Guid(98f4e238dcb2e4e4baddc3e0e9a70290) Importer(2089858483,b0f066a214c2f5e87bad3c948f4d605d) (ScriptedImporter) -> (artifact id: '6cb332b0bd3e83af587aad92ef8be65e') in 0.0096085 seconds
Number of updated asset objects reloaded before import = 0Number of asset objects unloaded after import = 1

========================================================================
Received Import Request.
  Time since last request: 0.000009 seconds.
  path: Assets/Samples/Visual Effect Graph/17.3.0/Learning Templates/Thumbnails/Thumb_Collision Properties.png
  artifactKey: Guid(c95ee797abda9044db03398c3f647520) Importer(2089858483,b0f066a214c2f5e87bad3c948f4d605d)
Start importing Assets/Samples/Visual Effect Graph/17.3.0/Learning Templates/Thumbnails/Thumb_Collision Properties.png using Guid(c95ee797abda9044db03398c3f647520) Importer(2089858483,b0f066a214c2f5e87bad3c948f4d605d) (ScriptedImporter) -> (artifact id: 'd22d83d7b81a81460e2c944689fe0fe6') in 0.0087946 seconds
Number of updated asset objects reloaded before import = 0Number of asset objects unloaded after import = 1

========================================================================
Received Import Request.
  Time since last request: 0.000013 seconds.
  path: Assets/Samples/Visual Effect Graph/17.3.0/Learning Templates/Thumbnails/Thumb_Strip_Properties.png
  artifactKey: Guid(4dbffa047362c514b908a7a03ae268c0) Importer(2089858483,b0f066a214c2f5e87bad3c948f4d605d)
Start importing Assets/Samples/Visual Effect Graph/17.3.0/Learning Templates/Thumbnails/Thumb_Strip_Properties.png using Guid(4dbffa047362c514b908a7a03ae268c0) Importer(2089858483,b0f066a214c2f5e87bad3c948f4d605d) (ScriptedImporter) -> (artifact id: 'e0b2832c2bfbe52f7b363a5b3b3ae085') in 0.0102094 seconds
Number of updated asset objects reloaded before import = 0Number of asset objects unloaded after import = 1

========================================================================
Received Import Request.
  Time since last request: 0.000013 seconds.
  path: Assets/Samples/Visual Effect Graph/17.3.0/Learning Templates/Shaders/SG_SoundSystem.shadergraph
  artifactKey: Guid(db2aa7cb030408f44ab44de084092595) Importer(2089858483,b0f066a214c2f5e87bad3c948f4d605d)
Start importing Assets/Samples/Visual Effect Graph/17.3.0/Learning Templates/Shaders/SG_SoundSystem.shadergraph using Guid(db2aa7cb030408f44ab44de084092595) Importer(2089858483,b0f066a214c2f5e87bad3c948f4d605d) (ScriptedImporter) -> (artifact id: 'fa905fffda444ac57d3534ab663064da') in 0.0104443 seconds
Number of updated asset objects reloaded before import = 0Number of asset objects unloaded after import = 5

========================================================================
Received Import Request.
  Time since last request: 0.333967 seconds.
  path: Assets/Samples/Visual Effect Graph/17.3.0/Learning Templates/Scenes/Scene Resources/VFX_URP_Neutral.asset
  artifactKey: Guid(cced43bec9a2ba34fab82a55f08e509f) Importer(2089858483,b0f066a214c2f5e87bad3c948f4d605d)
Start importing Assets/Samples/Visual Effect Graph/17.3.0/Learning Templates/Scenes/Scene Resources/VFX_URP_Neutral.asset using Guid(cced43bec9a2ba34fab82a55f08e509f) Importer(2089858483,b0f066a214c2f5e87bad3c948f4d605d) (ScriptedImporter) -> (artifact id: '06a9ba393d65aa5f16abbc8f8ded7658') in 0.0095253 seconds
Number of updated asset objects reloaded before import = 0Number of asset objects unloaded after import = 8

========================================================================
Received Import Request.
  Time since last request: 0.000010 seconds.
  path: Assets/Samples/Visual Effect Graph/17.3.0/Learning Templates/VFX/FlipbookBlending.vfx
  artifactKey: Guid(a977458597c62ae48aca0c6ba7674959) Importer(2089858483,b0f066a214c2f5e87bad3c948f4d605d)
Start importing Assets/Samples/Visual Effect Graph/17.3.0/Learning Templates/VFX/FlipbookBlending.vfx using Guid(a977458597c62ae48aca0c6ba7674959) Importer(2089858483,b0f066a214c2f5e87bad3c948f4d605d) (ScriptedImporter) -> (artifact id: '4226400c35d86422cf6f212591c3f8e9') in 0.0149388 seconds
Number of updated asset objects reloaded before import = 0Number of asset objects unloaded after import = 9

========================================================================
Received Import Request.
  Time since last request: 0.000013 seconds.
  path: Assets/Samples/Visual Effect Graph/17.3.0/Learning Templates/VFX/DecalParticles.vfx
  artifactKey: Guid(43cf54d53d92df1498cf12fec3653478) Importer(2089858483,b0f066a214c2f5e87bad3c948f4d605d)
Start importing Assets/Samples/Visual Effect Graph/17.3.0/Learning Templates/VFX/DecalParticles.vfx using Guid(43cf54d53d92df1498cf12fec3653478) Importer(2089858483,b0f066a214c2f5e87bad3c948f4d605d) (ScriptedImporter) -> (artifact id: '7f4c5dae8a0b0570c1f322bd9a54fb5e') in 0.0140156 seconds
Number of updated asset objects reloaded before import = 0Number of asset objects unloaded after import = 13

========================================================================
Received Import Request.
  Time since last request: 0.000022 seconds.
  path: Assets/Samples/Visual Effect Graph/17.3.0/Learning Templates/Scenes/HDRP_VFX_Learning_Templates.unity
  artifactKey: Guid(dfe33c936823ce440b08d31a5f97964b) Importer(2089858483,b0f066a214c2f5e87bad3c948f4d605d)
Start importing Assets/Samples/Visual Effect Graph/17.3.0/Learning Templates/Scenes/HDRP_VFX_Learning_Templates.unity using Guid(dfe33c936823ce440b08d31a5f97964b) Importer(2089858483,b0f066a214c2f5e87bad3c948f4d605d) (ScriptedImporter) -> (artifact id: '536e1e53c6576b58b3f7d85da2723c2f') in 0.008557 seconds
Number of updated asset objects reloaded before import = 0Number of asset objects unloaded after import = 1

========================================================================
Received Import Request.
  Time since last request: 0.000009 seconds.
  path: Assets/Samples/Visual Effect Graph/17.3.0/Learning Templates/Shaders/SG_URP_6Way_Smoke.shadergraph
  artifactKey: Guid(a853453a432e9a3468e3c77af741f0a1) Importer(2089858483,b0f066a214c2f5e87bad3c948f4d605d)
Start importing Assets/Samples/Visual Effect Graph/17.3.0/Learning Templates/Shaders/SG_URP_6Way_Smoke.shadergraph using Guid(a853453a432e9a3468e3c77af741f0a1) Importer(2089858483,b0f066a214c2f5e87bad3c948f4d605d) (ScriptedImporter) -> (artifact id: 'fd797d25c008e13534ba6b5c7ed6bf5e') in 0.0085311 seconds
Number of updated asset objects reloaded before import = 0Number of asset objects unloaded after import = 5

========================================================================
Received Import Request.
  Time since last request: 0.287023 seconds.
  path: Assets/Samples/Visual Effect Graph/17.3.0/Learning Templates/VFX/MultiStripsPeriodicBurst.vfx
  artifactKey: Guid(6f1b2eba78337db42b0c077a7efc5cfc) Importer(2089858483,b0f066a214c2f5e87bad3c948f4d605d)
Start importing Assets/Samples/Visual Effect Graph/17.3.0/Learning Templates/VFX/MultiStripsPeriodicBurst.vfx using Guid(6f1b2eba78337db42b0c077a7efc5cfc) Importer(2089858483,b0f066a214c2f5e87bad3c948f4d605d) (ScriptedImporter) -> (artifact id: 'd9a27265ab36dfa9af8c72e7ae72e032') in 0.0118908 seconds
Number of updated asset objects reloaded before import = 0Number of asset objects unloaded after import = 11

========================================================================
Received Import Request.
  Time since last request: 0.000011 seconds.
  path: Assets/Samples/Visual Effect Graph/17.3.0/Learning Templates/VFX/OrientAdvanced.vfx
  artifactKey: Guid(33f68cda04641ea4e8bb4e16fc221947) Importer(2089858483,b0f066a214c2f5e87bad3c948f4d605d)
Start importing Assets/Samples/Visual Effect Graph/17.3.0/Learning Templates/VFX/OrientAdvanced.vfx using Guid(33f68cda04641ea4e8bb4e16fc221947) Importer(2089858483,b0f066a214c2f5e87bad3c948f4d605d) (ScriptedImporter) -> (artifact id: 'b223e938defa75a56dc9dc5df9532969') in 0.0106597 seconds
Number of updated asset objects reloaded before import = 0Number of asset objects unloaded after import = 6

========================================================================
Received Import Request.
  Time since last request: 0.000016 seconds.
  path: Assets/Samples/Visual Effect Graph/17.3.0/Learning Templates/Prefabs/VFXG/Collision Advanced.prefab
  artifactKey: Guid(87f78a0aa2642774ea793b42f5984c6a) Importer(2089858483,b0f066a214c2f5e87bad3c948f4d605d)
Start importing Assets/Samples/Visual Effect Graph/17.3.0/Learning Templates/Prefabs/VFXG/Collision Advanced.prefab using Guid(87f78a0aa2642774ea793b42f5984c6a) Importer(2089858483,b0f066a214c2f5e87bad3c948f4d605d) (ScriptedImporter) -> (artifact id: '273b3f7208de9d3f30b7a6fe1af684ca') in 0.0204638 seconds
Number of updated asset objects reloaded before import = 0Number of asset objects unloaded after import = 264

========================================================================
Received Import Request.
  Time since last request: 0.358925 seconds.
  path: Assets/Samples/Visual Effect Graph/17.3.0/VisualEffectGraph Additions/Prefabs/Smoke.prefab
  artifactKey: Guid(6af594ec822b0d841896bd627ba57625) Importer(2089858483,b0f066a214c2f5e87bad3c948f4d605d)
Start importing Assets/Samples/Visual Effect Graph/17.3.0/VisualEffectGraph Additions/Prefabs/Smoke.prefab using Guid(6af594ec822b0d841896bd627ba57625) Importer(2089858483,b0f066a214c2f5e87bad3c948f4d605d) (ScriptedImporter) -> (artifact id: '7bb7505e5e518cdafa22075639f134b5') in 0.011948 seconds
Number of updated asset objects reloaded before import = 0Number of asset objects unloaded after import = 10

========================================================================
Received Import Request.
  Time since last request: 0.000014 seconds.
  path: Assets/Samples/Visual Effect Graph/17.3.0/Learning Templates/Scenes/Scene Resources/LearningTemplateDescriptions.json
  artifactKey: Guid(9aa18569c871a7b4aa5e545e3ad6bd5c) Importer(2089858483,b0f066a214c2f5e87bad3c948f4d605d)
Start importing Assets/Samples/Visual Effect Graph/17.3.0/Learning Templates/Scenes/Scene Resources/LearningTemplateDescriptions.json using Guid(9aa18569c871a7b4aa5e545e3ad6bd5c) Importer(2089858483,b0f066a214c2f5e87bad3c948f4d605d) (ScriptedImporter) -> (artifact id: '54b0a91965e73f72cee3a34b484beb34') in 0.0066774 seconds
Number of updated asset objects reloaded before import = 0Number of asset objects unloaded after import = 1

========================================================================
Received Import Request.
  Time since last request: 0.000009 seconds.
  path: Assets/Samples/Visual Effect Graph/17.3.0/VisualEffectGraph Additions/Subgraphs/Operators/Tween/Tween Ease In Bounce.vfxoperator
  artifactKey: Guid(5e5ed6b10649e5e47814c6419aac9f2d) Importer(2089858483,b0f066a214c2f5e87bad3c948f4d605d)
Start importing Assets/Samples/Visual Effect Graph/17.3.0/VisualEffectGraph Additions/Subgraphs/Operators/Tween/Tween Ease In Bounce.vfxoperator using Guid(5e5ed6b10649e5e47814c6419aac9f2d) Importer(2089858483,b0f066a214c2f5e87bad3c948f4d605d) (ScriptedImporter) -> (artifact id: 'd3213d812a357fb885df6161646805d4') in 0.0067894 seconds
Number of updated asset objects reloaded before import = 0Number of asset objects unloaded after import = 1

========================================================================
Received Import Request.
  Time since last request: 0.000009 seconds.
  path: Assets/Samples/Visual Effect Graph/17.3.0/Learning Templates/VFX/CollisionAdvanced.vfx
  artifactKey: Guid(fdd4e278b167d3f41a9bfeabcdb3ff21) Importer(2089858483,b0f066a214c2f5e87bad3c948f4d605d)
Start importing Assets/Samples/Visual Effect Graph/17.3.0/Learning Templates/VFX/CollisionAdvanced.vfx using Guid(fdd4e278b167d3f41a9bfeabcdb3ff21) Importer(2089858483,b0f066a214c2f5e87bad3c948f4d605d) (ScriptedImporter) -> (artifact id: '1839f47db2abe9f0217b9b4315e81eab') in 0.0125295 seconds
Number of updated asset objects reloaded before import = 0Number of asset objects unloaded after import = 9

========================================================================
Received Import Request.
  Time since last request: 0.000013 seconds.
  path: Assets/Samples/Visual Effect Graph/17.3.0/VisualEffectGraph Additions/VFX/Smoke.vfx
  artifactKey: Guid(80b43ce65143a8240bcdc7cc368e7261) Importer(2089858483,b0f066a214c2f5e87bad3c948f4d605d)
Start importing Assets/Samples/Visual Effect Graph/17.3.0/VisualEffectGraph Additions/VFX/Smoke.vfx using Guid(80b43ce65143a8240bcdc7cc368e7261) Importer(2089858483,b0f066a214c2f5e87bad3c948f4d605d) (ScriptedImporter) -> (artifact id: 'd470b520d483394133de028dc5cc59b7') in 0.0116014 seconds
Number of updated asset objects reloaded before import = 0Number of asset objects unloaded after import = 6

========================================================================
Received Import Request.
  Time since last request: 0.000011 seconds.
  path: Assets/Samples/Visual Effect Graph/17.3.0/VisualEffectGraph Additions/Subgraphs/Operators/Encompass (Position).vfxoperator
  artifactKey: Guid(4455179b5c9efcb4f891b742d8ae8b51) Importer(2089858483,b0f066a214c2f5e87bad3c948f4d605d)
Start importing Assets/Samples/Visual Effect Graph/17.3.0/VisualEffectGraph Additions/Subgraphs/Operators/Encompass (Position).vfxoperator using Guid(4455179b5c9efcb4f891b742d8ae8b51) Importer(2089858483,b0f066a214c2f5e87bad3c948f4d605d) (ScriptedImporter) -> (artifact id: 'e39ede6d21fd2fdd78c5bd12eacf711b') in 0.0097072 seconds
Number of updated asset objects reloaded before import = 0Number of asset objects unloaded after import = 1

========================================================================
Received Import Request.
  Time since last request: 0.000022 seconds.
  path: Assets/Samples/Visual Effect Graph/17.3.0/VisualEffectGraph Additions/Subgraphs/Operators/Tween/Tween Ease Out Sine.vfxoperator
  artifactKey: Guid(064724ce2a4b3e548953c5dcb13829d6) Importer(2089858483,b0f066a214c2f5e87bad3c948f4d605d)
Start importing Assets/Samples/Visual Effect Graph/17.3.0/VisualEffectGraph Additions/Subgraphs/Operators/Tween/Tween Ease Out Sine.vfxoperator using Guid(064724ce2a4b3e548953c5dcb13829d6) Importer(2089858483,b0f066a214c2f5e87bad3c948f4d605d) (ScriptedImporter) -> (artifact id: '9b20b8977d7d1d36ac9cc985e55dcc7d') in 0.0079175 seconds
Number of updated asset objects reloaded before import = 0Number of asset objects unloaded after import = 1

========================================================================
Received Import Request.
  Time since last request: 0.000012 seconds.
  path: Assets/Samples/Visual Effect Graph/17.3.0/VisualEffectGraph Additions/Shaders/ParticleOutput/SimpleParticle.shadergraph
  artifactKey: Guid(3330fd1a5071e7e43ac2681511ab9646) Importer(2089858483,b0f066a214c2f5e87bad3c948f4d605d)
Start importing Assets/Samples/Visual Effect Graph/17.3.0/VisualEffectGraph Additions/Shaders/ParticleOutput/SimpleParticle.shadergraph using Guid(3330fd1a5071e7e43ac2681511ab9646) Importer(2089858483,b0f066a214c2f5e87bad3c948f4d605d) (ScriptedImporter) -> (artifact id: '9bdb0213cf61d5f1b496b76a8fb4c88b') in 0.0140366 seconds
Number of updated asset objects reloaded before import = 0Number of asset objects unloaded after import = 8

========================================================================
Received Import Request.
  Time since last request: 0.000013 seconds.
  path: Assets/Samples/Visual Effect Graph/17.3.0/VisualEffectGraph Additions/Subgraphs/Operators/Clamp (Sphere).vfxoperator
  artifactKey: Guid(89bb20d67d822fe46bbf14271986985c) Importer(2089858483,b0f066a214c2f5e87bad3c948f4d605d)
Start importing Assets/Samples/Visual Effect Graph/17.3.0/VisualEffectGraph Additions/Subgraphs/Operators/Clamp (Sphere).vfxoperator using Guid(89bb20d67d822fe46bbf14271986985c) Importer(2089858483,b0f066a214c2f5e87bad3c948f4d605d) (ScriptedImporter) -> (artifact id: 'fa6488fa4cebe9ae2f403f8caf4f5426') in 0.0065393 seconds
Number of updated asset objects reloaded before import = 0Number of asset objects unloaded after import = 1

========================================================================
Received Import Request.
  Time since last request: 0.000010 seconds.
  path: Assets/Samples/Visual Effect Graph/17.3.0/VisualEffectGraph Additions/Shaders/ParticleOutput/Flipbook.shadergraph
  artifactKey: Guid(1270f81d8f641ff4bbb827853efd6c96) Importer(2089858483,b0f066a214c2f5e87bad3c948f4d605d)
Start importing Assets/Samples/Visual Effect Graph/17.3.0/VisualEffectGraph Additions/Shaders/ParticleOutput/Flipbook.shadergraph using Guid(1270f81d8f641ff4bbb827853efd6c96) Importer(2089858483,b0f066a214c2f5e87bad3c948f4d605d) (ScriptedImporter) -> (artifact id: '963c209b3b8abbbff2f5803eb6ba49f2') in 0.0129704 seconds
Number of updated asset objects reloaded before import = 0Number of asset objects unloaded after import = 9

========================================================================
Received Import Request.
  Time since last request: 0.046031 seconds.
  path: Assets/Samples/Visual Effect Graph/17.3.0/OutputEvent Helpers/Editor/VFXOutputEventRigidBodyEditor.cs
  artifactKey: Guid(ceab0c0e3d45f334e9bb40b83ed46f7b) Importer(2089858483,b0f066a214c2f5e87bad3c948f4d605d)
Start importing Assets/Samples/Visual Effect Graph/17.3.0/OutputEvent Helpers/Editor/VFXOutputEventRigidBodyEditor.cs using Guid(ceab0c0e3d45f334e9bb40b83ed46f7b) Importer(2089858483,b0f066a214c2f5e87bad3c948f4d605d) (ScriptedImporter) -> (artifact id: '9469263cae66eba226a1f36d9ab820a2') in 0.0071062 seconds
Number of updated asset objects reloaded before import = 0Number of asset objects unloaded after import = 0

========================================================================
Received Import Request.
  Time since last request: 0.000011 seconds.
  path: Assets/Samples/Visual Effect Graph/17.3.0/Learning Templates/Prefabs/VFXG/Sample Mesh.prefab
  artifactKey: Guid(3c7f1b206ee1ad14fa10fe4a52e3ac1d) Importer(2089858483,b0f066a214c2f5e87bad3c948f4d605d)
Start importing Assets/Samples/Visual Effect Graph/17.3.0/Learning Templates/Prefabs/VFXG/Sample Mesh.prefab using Guid(3c7f1b206ee1ad14fa10fe4a52e3ac1d) Importer(2089858483,b0f066a214c2f5e87bad3c948f4d605d) (ScriptedImporter) -> (artifact id: 'cde9ec3867f8132f2fdf7fa255cada6b') in 0.0196664 seconds
Number of updated asset objects reloaded before import = 0Number of asset objects unloaded after import = 243

========================================================================
Received Import Request.
  Time since last request: 0.000016 seconds.
  path: Assets/Samples/Visual Effect Graph/17.3.0/Learning Templates/Thumbnails/Thumb_Collision Simple.png
  artifactKey: Guid(de6ccea3a4ae74245b8f069b29a51210) Importer(2089858483,b0f066a214c2f5e87bad3c948f4d605d)
Start importing Assets/Samples/Visual Effect Graph/17.3.0/Learning Templates/Thumbnails/Thumb_Collision Simple.png using Guid(de6ccea3a4ae74245b8f069b29a51210) Importer(2089858483,b0f066a214c2f5e87bad3c948f4d605d) (ScriptedImporter) -> (artifact id: '166e09c15ac506713949e6f28e87c2ad') in 0.0123804 seconds
Number of updated asset objects reloaded before import = 0Number of asset objects unloaded after import = 1

========================================================================
Received Import Request.
  Time since last request: 0.000011 seconds.
  path: Assets/TextMesh Pro/Resources/Fonts & Materials/LiberationSans SDF.asset
  artifactKey: Guid(8f586378b4e144a9851e7b34d9b748ee) Importer(2089858483,b0f066a214c2f5e87bad3c948f4d605d)
Start importing Assets/TextMesh Pro/Resources/Fonts & Materials/LiberationSans SDF.asset using Guid(8f586378b4e144a9851e7b34d9b748ee) Importer(2089858483,b0f066a214c2f5e87bad3c948f4d605d) (ScriptedImporter) -> (artifact id: '5cfc553c8aa65f5ac39ad55f3a9262b8') in 0.0419204 seconds
Number of updated asset objects reloaded before import = 0Number of asset objects unloaded after import = 8

========================================================================
Received Import Request.
  Time since last request: 0.000018 seconds.
  path: Assets/TextMesh Pro/Resources/LineBreaking Following Characters.txt
  artifactKey: Guid(fade42e8bc714b018fac513c043d323b) Importer(2089858483,b0f066a214c2f5e87bad3c948f4d605d)
Start importing Assets/TextMesh Pro/Resources/LineBreaking Following Characters.txt using Guid(fade42e8bc714b018fac513c043d323b) Importer(2089858483,b0f066a214c2f5e87bad3c948f4d605d) (ScriptedImporter) -> (artifact id: '9ffde70618726e30c211e3aaf3bd79f6') in 0.0075261 seconds
Number of updated asset objects reloaded before import = 0Number of asset objects unloaded after import = 1

========================================================================
Received Import Request.
  Time since last request: 0.000011 seconds.
  path: Assets/TextMesh Pro
  artifactKey: Guid(f54d1bd14bd3ca042bd867b519fee8cc) Importer(2089858483,b0f066a214c2f5e87bad3c948f4d605d)
Start importing Assets/TextMesh Pro using Guid(f54d1bd14bd3ca042bd867b519fee8cc) Importer(2089858483,b0f066a214c2f5e87bad3c948f4d605d) (ScriptedImporter) -> (artifact id: 'a3863d687da6f3ba8cc110e6a0b9743f') in 0.0068433 seconds
Number of updated asset objects reloaded before import = 0Number of asset objects unloaded after import = 1

========================================================================
Received Import Request.
  Time since last request: 0.000012 seconds.
  path: Assets/TextMesh Pro/Shaders/TMP_Bitmap-Custom-Atlas.shader
  artifactKey: Guid(48bb5f55d8670e349b6e614913f9d910) Importer(2089858483,b0f066a214c2f5e87bad3c948f4d605d)
Start importing Assets/TextMesh Pro/Shaders/TMP_Bitmap-Custom-Atlas.shader using Guid(48bb5f55d8670e349b6e614913f9d910) Importer(2089858483,b0f066a214c2f5e87bad3c948f4d605d) (ScriptedImporter) -> (artifact id: '789b02ba10785bcbfa13e61026a70867') in 0.0082814 seconds
Number of updated asset objects reloaded before import = 0Number of asset objects unloaded after import = 1

========================================================================
Received Import Request.
  Time since last request: 0.000012 seconds.
  path: Assets/TextMesh Pro/Fonts
  artifactKey: Guid(6ab70aee4d56447429c680537fbf93ed) Importer(2089858483,b0f066a214c2f5e87bad3c948f4d605d)
Start importing Assets/TextMesh Pro/Fonts using Guid(6ab70aee4d56447429c680537fbf93ed) Importer(2089858483,b0f066a214c2f5e87bad3c948f4d605d) (ScriptedImporter) -> (artifact id: 'a95098587d4440569fc4a34c67d18eef') in 0.0069211 seconds
Number of updated asset objects reloaded before import = 0Number of asset objects unloaded after import = 1

========================================================================
Received Import Request.
  Time since last request: 0.000010 seconds.
  path: Assets/Samples/Visual Effect Graph/17.3.0/Learning Templates/Thumbnails/Thumn_Rotation & Angular Velocity.png
  artifactKey: Guid(711415350ba8e734199e4d3ef52f18c6) Importer(2089858483,b0f066a214c2f5e87bad3c948f4d605d)
Start importing Assets/Samples/Visual Effect Graph/17.3.0/Learning Templates/Thumbnails/Thumn_Rotation & Angular Velocity.png using Guid(711415350ba8e734199e4d3ef52f18c6) Importer(2089858483,b0f066a214c2f5e87bad3c948f4d605d) (ScriptedImporter) -> (artifact id: 'b752a40c1790b9c6b63905ba84e8f510') in 0.0103423 seconds
Number of updated asset objects reloaded before import = 0Number of asset objects unloaded after import = 1

========================================================================
Received Import Request.
  Time since last request: 0.000014 seconds.
  path: Assets/Samples/Visual Effect Graph/17.3.0/Learning Templates/Prefabs/VFXG/Orient Fixed Axis.prefab
  artifactKey: Guid(1a6c43a48e42673409aa07b3b71ee93d) Importer(2089858483,b0f066a214c2f5e87bad3c948f4d605d)
Start importing Assets/Samples/Visual Effect Graph/17.3.0/Learning Templates/Prefabs/VFXG/Orient Fixed Axis.prefab using Guid(1a6c43a48e42673409aa07b3b71ee93d) Importer(2089858483,b0f066a214c2f5e87bad3c948f4d605d) (ScriptedImporter) -> (artifact id: '3c467268483ad78d1b5b491d92b87aef') in 0.0238577 seconds
Number of updated asset objects reloaded before import = 0Number of asset objects unloaded after import = 247

========================================================================
Received Import Request.
  Time since last request: 0.000022 seconds.
  path: Assets/Samples/Visual Effect Graph/17.3.0/Learning Templates/Thumbnails/Thumb_Sample Texture2D.png
  artifactKey: Guid(3d351a536d397c14ab916464f774d4f2) Importer(2089858483,b0f066a214c2f5e87bad3c948f4d605d)
Start importing Assets/Samples/Visual Effect Graph/17.3.0/Learning Templates/Thumbnails/Thumb_Sample Texture2D.png using Guid(3d351a536d397c14ab916464f774d4f2) Importer(2089858483,b0f066a214c2f5e87bad3c948f4d605d) (ScriptedImporter) -> (artifact id: '762957b2622e5f6d68260e500c425834') in 0.0106355 seconds
Number of updated asset objects reloaded before import = 0Number of asset objects unloaded after import = 1

========================================================================
Received Import Request.
  Time since last request: 0.000010 seconds.
  path: Assets/TextMesh Pro/Resources
  artifactKey: Guid(243e06394e614e5d99fab26083b707fa) Importer(2089858483,b0f066a214c2f5e87bad3c948f4d605d)
Start importing Assets/TextMesh Pro/Resources using Guid(243e06394e614e5d99fab26083b707fa) Importer(2089858483,b0f066a214c2f5e87bad3c948f4d605d) (ScriptedImporter) -> (artifact id: 'e72d6cc7eca53e3d629b746ed7830073') in 0.0066548 seconds
Number of updated asset objects reloaded before import = 0Number of asset objects unloaded after import = 1

========================================================================
Received Import Request.
  Time since last request: 0.000010 seconds.
  path: Assets/TextMesh Pro/Shaders/TMP_SDF-Mobile Masking.shader
  artifactKey: Guid(bc1ede39bf3643ee8e493720e4259791) Importer(2089858483,b0f066a214c2f5e87bad3c948f4d605d)
Start importing Assets/TextMesh Pro/Shaders/TMP_SDF-Mobile Masking.shader using Guid(bc1ede39bf3643ee8e493720e4259791) Importer(2089858483,b0f066a214c2f5e87bad3c948f4d605d) (ScriptedImporter) -> (artifact id: 'dcad53480b94560f5435c39a62ab3389') in 0.0083618 seconds
Number of updated asset objects reloaded before import = 0Number of asset objects unloaded after import = 1

========================================================================
Received Import Request.
  Time since last request: 0.000011 seconds.
  path: Assets/TextMesh Pro/Resources/Sprite Assets/EmojiOne.asset
  artifactKey: Guid(c41005c129ba4d66911b75229fd70b45) Importer(2089858483,b0f066a214c2f5e87bad3c948f4d605d)
Start importing Assets/TextMesh Pro/Resources/Sprite Assets/EmojiOne.asset using Guid(c41005c129ba4d66911b75229fd70b45) Importer(2089858483,b0f066a214c2f5e87bad3c948f4d605d) (ScriptedImporter) -> (artifact id: '21543e30fb9f41c0bd548644446e5e69') in 0.0111158 seconds
Number of updated asset objects reloaded before import = 0Number of asset objects unloaded after import = 3

========================================================================
Received Import Request.
  Time since last request: 0.000013 seconds.
  path: Assets/TextMesh Pro/Shaders/TMP_SDF-Surface.shader
  artifactKey: Guid(f7ada0af4f174f0694ca6a487b8f543d) Importer(2089858483,b0f066a214c2f5e87bad3c948f4d605d)
Start importing Assets/TextMesh Pro/Shaders/TMP_SDF-Surface.shader using Guid(f7ada0af4f174f0694ca6a487b8f543d) Importer(2089858483,b0f066a214c2f5e87bad3c948f4d605d) (ScriptedImporter) -> (artifact id: '65bb034e481920662c70a8a21a536b22') in 0.0085617 seconds
Number of updated asset objects reloaded before import = 0Number of asset objects unloaded after import = 1

========================================================================
Received Import Request.
  Time since last request: 0.000019 seconds.
  path: Assets/TextMesh Pro/Resources/Style Sheets
  artifactKey: Guid(4aecb92fff08436c8303b10eab8da368) Importer(2089858483,b0f066a214c2f5e87bad3c948f4d605d)
Start importing Assets/TextMesh Pro/Resources/Style Sheets using Guid(4aecb92fff08436c8303b10eab8da368) Importer(2089858483,b0f066a214c2f5e87bad3c948f4d605d) (ScriptedImporter) -> (artifact id: '7f8ddda988b095da815e390739a8ec46') in 0.0066947 seconds
Number of updated asset objects reloaded before import = 0Number of asset objects unloaded after import = 1

========================================================================
Received Import Request.
  Time since last request: 0.000012 seconds.
  path: Assets/Samples/Scriptable Render Pipeline Core/17.3.0/Common/Materials/Shaders/SamplesCrossLit.shadergraph
  artifactKey: Guid(181d9f8961a46b84fa2b2acfc30cdf9c) Importer(2089858483,b0f066a214c2f5e87bad3c948f4d605d)
Start importing Assets/Samples/Scriptable Render Pipeline Core/17.3.0/Common/Materials/Shaders/SamplesCrossLit.shadergraph using Guid(181d9f8961a46b84fa2b2acfc30cdf9c) Importer(2089858483,b0f066a214c2f5e87bad3c948f4d605d) (ScriptedImporter) -> (artifact id: '5884b775c4aebbcb3045cbf1d11cb9bf') in 0.1565047 seconds
Number of updated asset objects reloaded before import = 0Number of asset objects unloaded after import = 6

========================================================================
Received Import Request.
  Time since last request: 0.114203 seconds.
  path: Assets/Samples/Visual Effect Graph/17.3.0/Common/Meshes/ST_VFXG_Logo.fbx
  artifactKey: Guid(7f08731469baa9c499ca79d0671760e3) Importer(2089858483,b0f066a214c2f5e87bad3c948f4d605d)
Start importing Assets/Samples/Visual Effect Graph/17.3.0/Common/Meshes/ST_VFXG_Logo.fbx using Guid(7f08731469baa9c499ca79d0671760e3) Importer(2089858483,b0f066a214c2f5e87bad3c948f4d605d) (ScriptedImporter) -> (artifact id: '41c0605e0cbcc64b38cce8a0d2d913ea') in 0.0112346 seconds
Number of updated asset objects reloaded before import = 0Number of asset objects unloaded after import = 7

========================================================================
Received Import Request.
  Time since last request: 0.000010 seconds.
  path: Assets/Samples/Scriptable Render Pipeline Core/17.3.0/Common/Scripts/Editor/SamplesShowcaseEditor.cs
  artifactKey: Guid(0c991aba32574914193f4ed4bd96f43f) Importer(2089858483,b0f066a214c2f5e87bad3c948f4d605d)
Start importing Assets/Samples/Scriptable Render Pipeline Core/17.3.0/Common/Scripts/Editor/SamplesShowcaseEditor.cs using Guid(0c991aba32574914193f4ed4bd96f43f) Importer(2089858483,b0f066a214c2f5e87bad3c948f4d605d) (ScriptedImporter) -> (artifact id: 'f7101ab7c17a12859eb2b4e9c66e9474') in 0.0064774 seconds
Number of updated asset objects reloaded before import = 0Number of asset objects unloaded after import = 0

========================================================================
Received Import Request.
  Time since last request: 0.403945 seconds.
  path: Assets/Samples/Scriptable Render Pipeline Core/17.3.0/Common/Prefabs/Presentation/Panel.prefab
  artifactKey: Guid(a59dbba54631fed4f9eb6dee83208c1f) Importer(2089858483,b0f066a214c2f5e87bad3c948f4d605d)
Start importing Assets/Samples/Scriptable Render Pipeline Core/17.3.0/Common/Prefabs/Presentation/Panel.prefab using Guid(a59dbba54631fed4f9eb6dee83208c1f) Importer(2089858483,b0f066a214c2f5e87bad3c948f4d605d) (ScriptedImporter) -> (artifact id: '60922a9056eddeaa21ddbf815cd97836') in 0.0150006 seconds
Number of updated asset objects reloaded before import = 0Number of asset objects unloaded after import = 11

========================================================================
Received Import Request.
  Time since last request: 0.000012 seconds.
  path: Assets/Samples/Scriptable Render Pipeline Core/17.3.0/Common/Prefabs/Info/InfoPanel.prefab
  artifactKey: Guid(c4058e53767c32445a7b7cb7c5bc3dad) Importer(2089858483,b0f066a214c2f5e87bad3c948f4d605d)
Start importing Assets/Samples/Scriptable Render Pipeline Core/17.3.0/Common/Prefabs/Info/InfoPanel.prefab using Guid(c4058e53767c32445a7b7cb7c5bc3dad) Importer(2089858483,b0f066a214c2f5e87bad3c948f4d605d) (ScriptedImporter) -> (artifact id: 'dea2a1fed53a2df9468f83a5dbf060ad') in 0.0115846 seconds
Number of updated asset objects reloaded before import = 0Number of asset objects unloaded after import = 20

========================================================================
Received Import Request.
  Time since last request: 0.391027 seconds.
  path: Assets/Samples/Visual Effect Graph/17.3.0/Common/Textures/TX_Chomper_mask.tga
  artifactKey: Guid(7f77aaf6c496a944eb655692e44a7cf4) Importer(2089858483,b0f066a214c2f5e87bad3c948f4d605d)
Start importing Assets/Samples/Visual Effect Graph/17.3.0/Common/Textures/TX_Chomper_mask.tga using Guid(7f77aaf6c496a944eb655692e44a7cf4) Importer(2089858483,b0f066a214c2f5e87bad3c948f4d605d) (ScriptedImporter) -> (artifact id: '6b3ad02ef4b5b7be0a26bcc37c317d3e') in 0.0098818 seconds
Number of updated asset objects reloaded before import = 0Number of asset objects unloaded after import = 1

========================================================================
Received Import Request.
  Time since last request: 0.000010 seconds.
  path: Assets/Samples/Scriptable Render Pipeline Core/17.3.0/Common/Models/SamplesFixture.fbx
  artifactKey: Guid(f1173d56c7fbad54b8b0ededcdac25c9) Importer(2089858483,b0f066a214c2f5e87bad3c948f4d605d)
Start importing Assets/Samples/Scriptable Render Pipeline Core/17.3.0/Common/Models/SamplesFixture.fbx using Guid(f1173d56c7fbad54b8b0ededcdac25c9) Importer(2089858483,b0f066a214c2f5e87bad3c948f4d605d) (ScriptedImporter) -> (artifact id: 'e727c40164a2d3ec9c8837146b8337f0') in 0.0223577 seconds
Number of updated asset objects reloaded before import = 0Number of asset objects unloaded after import = 9

========================================================================
Received Import Request.
  Time since last request: 0.000019 seconds.
  path: Assets/Samples/Scriptable Render Pipeline Core/17.3.0/Common/Materials/SamplesSpotlightEmissive.mat
  artifactKey: Guid(59f9c77da24034145adf7056aaeb4174) Importer(2089858483,b0f066a214c2f5e87bad3c948f4d605d)
Start importing Assets/Samples/Scriptable Render Pipeline Core/17.3.0/Common/Materials/SamplesSpotlightEmissive.mat using Guid(59f9c77da24034145adf7056aaeb4174) Importer(2089858483,b0f066a214c2f5e87bad3c948f4d605d) (ScriptedImporter) -> (artifact id: 'db9f34882cd746c91d84ceca76ecbf11') in 0.1311485 seconds
Number of updated asset objects reloaded before import = 0Number of asset objects unloaded after import = 6

========================================================================
Received Import Request.
  Time since last request: 0.215780 seconds.
  path: Assets/Samples/Scriptable Render Pipeline Core/17.3.0/Common/TextMesh Pro/Resources/TMP Settings.asset
  artifactKey: Guid(ffceb5c5b8bd31f4fb2dc1f37064ebf1) Importer(2089858483,b0f066a214c2f5e87bad3c948f4d605d)
Start importing Assets/Samples/Scriptable Render Pipeline Core/17.3.0/Common/TextMesh Pro/Resources/TMP Settings.asset using Guid(ffceb5c5b8bd31f4fb2dc1f37064ebf1) Importer(2089858483,b0f066a214c2f5e87bad3c948f4d605d) (ScriptedImporter) -> (artifact id: '476b7a7d7dff13a9b50d9246b3268a04') in 0.0211727 seconds
Number of updated asset objects reloaded before import = 0Number of asset objects unloaded after import = 4

========================================================================
Received Import Request.
  Time since last request: 0.000014 seconds.
  path: Assets/Samples/Scriptable Render Pipeline Core/17.3.0/Common/Scripts/Resources/SamplesSelectionUSS.uss
  artifactKey: Guid(dace8ee3f59c99149ad4c1db64b635fe) Importer(2089858483,b0f066a214c2f5e87bad3c948f4d605d)
Start importing Assets/Samples/Scriptable Render Pipeline Core/17.3.0/Common/Scripts/Resources/SamplesSelectionUSS.uss using Guid(dace8ee3f59c99149ad4c1db64b635fe) Importer(2089858483,b0f066a214c2f5e87bad3c948f4d605d) (ScriptedImporter) -> (artifact id: '684c176ec7645d3f964ae5f3127c849e') in 0.014141 seconds
Number of updated asset objects reloaded before import = 0Number of asset objects unloaded after import = 1

========================================================================
Received Import Request.
  Time since last request: 0.382253 seconds.
  path: Assets/Samples/Visual Effect Graph/17.3.0/Common/Textures/TX_Chomper_D.tga
  artifactKey: Guid(e5510d8a0d3aa124fa74c9c7ff9aa011) Importer(2089858483,b0f066a214c2f5e87bad3c948f4d605d)
Start importing Assets/Samples/Visual Effect Graph/17.3.0/Common/Textures/TX_Chomper_D.tga using Guid(e5510d8a0d3aa124fa74c9c7ff9aa011) Importer(2089858483,b0f066a214c2f5e87bad3c948f4d605d) (ScriptedImporter) -> (artifact id: 'a33f90a2f93d58ed6ae890d530a5e043') in 0.0108851 seconds
Number of updated asset objects reloaded before import = 0Number of asset objects unloaded after import = 1

========================================================================
Received Import Request.
  Time since last request: 0.000013 seconds.
  path: Assets/Samples/Visual Effect Graph/17.3.0/Learning Templates/Meshes/MushRoom_Head.fbx
  artifactKey: Guid(32549946a8ad1ec4f9473112610c7bd7) Importer(2089858483,b0f066a214c2f5e87bad3c948f4d605d)
Start importing Assets/Samples/Visual Effect Graph/17.3.0/Learning Templates/Meshes/MushRoom_Head.fbx using Guid(32549946a8ad1ec4f9473112610c7bd7) Importer(2089858483,b0f066a214c2f5e87bad3c948f4d605d) (ScriptedImporter) -> (artifact id: '3fc8cde95c5d621be339617b4470e544') in 0.0125355 seconds
Number of updated asset objects reloaded before import = 0Number of asset objects unloaded after import = 7

========================================================================
Received Import Request.
  Time since last request: 0.700303 seconds.
  path: Assets/VisualEffects
  artifactKey: Guid(fd0084082b739774cb744c0a1129aabc) Importer(2089858483,b0f066a214c2f5e87bad3c948f4d605d)
Start importing Assets/VisualEffects using Guid(fd0084082b739774cb744c0a1129aabc) Importer(2089858483,b0f066a214c2f5e87bad3c948f4d605d) (ScriptedImporter) -> (artifact id: '7f85ca785c13961cedd10df16f4aee3c') in 0.0084032 seconds
Number of updated asset objects reloaded before import = 0Number of asset objects unloaded after import = 1

========================================================================
Received Import Request.
  Time since last request: 124.904233 seconds.
  path: Assets/VisualEffects/ShipDeathFX.vfx
  artifactKey: Guid(6a04336fa85c41444b6bf2192f4135bd) Importer(2089858483,b0f066a214c2f5e87bad3c948f4d605d)
Start importing Assets/VisualEffects/ShipDeathFX.vfx using Guid(6a04336fa85c41444b6bf2192f4135bd) Importer(2089858483,b0f066a214c2f5e87bad3c948f4d605d) (ScriptedImporter) -> (artifact id: 'ea66b19bad29ea940e171f888b70a178') in 0.0122229 seconds
Number of updated asset objects reloaded before import = 0Number of asset objects unloaded after import = 5

========================================================================
Received Import Request.
  Time since last request: 57.972125 seconds.
  path: Assets/VisualEffects/ShipDeathFX.vfx
  artifactKey: Guid(6a04336fa85c41444b6bf2192f4135bd) Importer(815301076,1909f56bfc062723c751e8b465ee728b)
Start importing Assets/VisualEffects/ShipDeathFX.vfx using Guid(6a04336fa85c41444b6bf2192f4135bd) Importer(815301076,1909f56bfc062723c751e8b465ee728b) (PreviewImporter) -> (artifact id: '939a51df38595852727f14d67446a482') in 0.0179678 seconds
Number of updated asset objects reloaded before import = 0Number of asset objects unloaded after import = 5

========================================================================
Received Import Request.
  Time since last request: 0.465960 seconds.
  path: Assets/VisualEffects/ShipDeathFX.vfx
  artifactKey: Guid(6a04336fa85c41444b6bf2192f4135bd) Importer(815301076,1909f56bfc062723c751e8b465ee728b)
Start importing Assets/VisualEffects/ShipDeathFX.vfx using Guid(6a04336fa85c41444b6bf2192f4135bd) Importer(815301076,1909f56bfc062723c751e8b465ee728b) (PreviewImporter) -> (artifact id: 'b4211b4d30f19ffec7ddfb6d080ad920') in 0.0026282 seconds
Number of updated asset objects reloaded before import = 0Number of asset objects unloaded after import = 5

========================================================================
Received Import Request.
  Time since last request: 566.000740 seconds.
  path: Assets/VisualEffects/ShipDeathFX.vfx
  artifactKey: Guid(6a04336fa85c41444b6bf2192f4135bd) Importer(2089858483,b0f066a214c2f5e87bad3c948f4d605d)
Start importing Assets/VisualEffects/ShipDeathFX.vfx using Guid(6a04336fa85c41444b6bf2192f4135bd) Importer(2089858483,b0f066a214c2f5e87bad3c948f4d605d) (ScriptedImporter) -> (artifact id: '203cd0321225bf445b3c7c84a2f695ee') in 0.0112296 seconds
Number of updated asset objects reloaded before import = 0Number of asset objects unloaded after import = 5

========================================================================
Received Import Request.
  Time since last request: 18.932967 seconds.
  path: Assets/VisualEffects/ShipDeathFX.vfx
  artifactKey: Guid(6a04336fa85c41444b6bf2192f4135bd) Importer(2089858483,b0f066a214c2f5e87bad3c948f4d605d)
Start importing Assets/VisualEffects/ShipDeathFX.vfx using Guid(6a04336fa85c41444b6bf2192f4135bd) Importer(2089858483,b0f066a214c2f5e87bad3c948f4d605d) (ScriptedImporter) -> (artifact id: '30e3ad5863d31158c6c97385b2da4a7c') in 0.0109783 seconds
Number of updated asset objects reloaded before import = 0Number of asset objects unloaded after import = 5

========================================================================
Received Import Request.
  Time since last request: 93.470467 seconds.
  path: Assets/VisualEffects/ShipDeathFX.vfx
  artifactKey: Guid(6a04336fa85c41444b6bf2192f4135bd) Importer(2089858483,b0f066a214c2f5e87bad3c948f4d605d)
Start importing Assets/VisualEffects/ShipDeathFX.vfx using Guid(6a04336fa85c41444b6bf2192f4135bd) Importer(2089858483,b0f066a214c2f5e87bad3c948f4d605d) (ScriptedImporter) -> (artifact id: 'cfceaf981cefd1b5dbad492646d8a2c0') in 0.0106771 seconds
Number of updated asset objects reloaded before import = 0Number of asset objects unloaded after import = 5

========================================================================
Received Import Request.
  Time since last request: 247.269355 seconds.
  path: Packages/com.unity.render-pipelines.core/Editor/Icons/MipLevels/Volume@128.png
  artifactKey: Guid(bcac3edca050cd043be3942131c59be3) Importer(815301076,1909f56bfc062723c751e8b465ee728b)
Start importing Packages/com.unity.render-pipelines.core/Editor/Icons/MipLevels/Volume@128.png using Guid(bcac3edca050cd043be3942131c59be3) Importer(815301076,1909f56bfc062723c751e8b465ee728b) (PreviewImporter) -> (artifact id: 'c35cdfbea2120c55c9a60d32b7b27457') in 0.0198996 seconds
Number of updated asset objects reloaded before import = 0Number of asset objects unloaded after import = 2

========================================================================
Received Import Request.
  Time since last request: 0.000012 seconds.
  path: Packages/com.unity.render-pipelines.core/Editor/Icons/Processed/VolumeProfile Icon.asset
  artifactKey: Guid(faa56264e2faf674c8be98efbfd8e2a4) Importer(815301076,1909f56bfc062723c751e8b465ee728b)
Start importing Packages/com.unity.render-pipelines.core/Editor/Icons/Processed/VolumeProfile Icon.asset using Guid(faa56264e2faf674c8be98efbfd8e2a4) Importer(815301076,1909f56bfc062723c751e8b465ee728b) (PreviewImporter) -> (artifact id: '7534d0d683256e15a45d133ce9935016') in 0.0133882 seconds
Number of updated asset objects reloaded before import = 0Number of asset objects unloaded after import = 2

========================================================================
Received Import Request.
  Time since last request: 0.000011 seconds.
  path: Packages/com.unity.render-pipelines.core/Editor/Icons/MipLevels/VolumeProfile@256.png
  artifactKey: Guid(5d574cebaf0c0a34aa93a406ad65a61b) Importer(815301076,1909f56bfc062723c751e8b465ee728b)
Start importing Packages/com.unity.render-pipelines.core/Editor/Icons/MipLevels/VolumeProfile@256.png using Guid(5d574cebaf0c0a34aa93a406ad65a61b) Importer(815301076,1909f56bfc062723c751e8b465ee728b) (PreviewImporter) -> (artifact id: '39a481ed532b5c036b6d70936754d91a') in 0.0093714 seconds
Number of updated asset objects reloaded before import = 0Number of asset objects unloaded after import = 2

========================================================================
Received Import Request.
  Time since last request: 0.000016 seconds.
  path: Packages/com.unity.2d.animation/Editor/Assets/EditorIcons/Light/Weight_Brush@3x.png
  artifactKey: Guid(3279d541bf75c624cbdd7179eb5559a8) Importer(815301076,1909f56bfc062723c751e8b465ee728b)
Start importing Packages/com.unity.2d.animation/Editor/Assets/EditorIcons/Light/Weight_Brush@3x.png using Guid(3279d541bf75c624cbdd7179eb5559a8) Importer(815301076,1909f56bfc062723c751e8b465ee728b) (PreviewImporter) -> (artifact id: '8540a125d27cead8c0001dc491302789') in 0.0240656 seconds
Number of updated asset objects reloaded before import = 0Number of asset objects unloaded after import = 3

========================================================================
Received Import Request.
  Time since last request: 0.000025 seconds.
  path: Packages/com.unity.collab-proxy/Editor/Assets/Images/xlink.png
  artifactKey: Guid(556a2f3b046024d4c9621c1b4be5f0c1) Importer(815301076,1909f56bfc062723c751e8b465ee728b)
Start importing Packages/com.unity.collab-proxy/Editor/Assets/Images/xlink.png using Guid(556a2f3b046024d4c9621c1b4be5f0c1) Importer(815301076,1909f56bfc062723c751e8b465ee728b) (PreviewImporter) -> (artifact id: '4186f333589107a562ee0b5f446f54c0') in 0.008313 seconds
Number of updated asset objects reloaded before import = 0Number of asset objects unloaded after import = 2

========================================================================
Received Import Request.
  Time since last request: 0.000012 seconds.
  path: Packages/com.unity.2d.animation/Editor/Assets/EditorIcons/Light/Weight_Brush@2x.png
  artifactKey: Guid(17d3bf7425a0748489ce3633e38652db) Importer(815301076,1909f56bfc062723c751e8b465ee728b)
Start importing Packages/com.unity.2d.animation/Editor/Assets/EditorIcons/Light/Weight_Brush@2x.png using Guid(17d3bf7425a0748489ce3633e38652db) Importer(815301076,1909f56bfc062723c751e8b465ee728b) (PreviewImporter) -> (artifact id: 'eb30b74df16a7fe83086255b87d6d9d3') in 0.0102705 seconds
Number of updated asset objects reloaded before import = 0Number of asset objects unloaded after import = 3

========================================================================
Received Import Request.
  Time since last request: 0.000010 seconds.
  path: Packages/com.unity.inputsystem/InputSystem/Editor/AssetEditor/PackageResources/yellow.png
  artifactKey: Guid(47cf506b4219343519083fe1c0b8fc9c) Importer(815301076,1909f56bfc062723c751e8b465ee728b)
Start importing Packages/com.unity.inputsystem/InputSystem/Editor/AssetEditor/PackageResources/yellow.png using Guid(47cf506b4219343519083fe1c0b8fc9c) Importer(815301076,1909f56bfc062723c751e8b465ee728b) (PreviewImporter) -> (artifact id: '6251772e2a1088505511a178046da5cb') in 0.0077551 seconds
Number of updated asset objects reloaded before import = 0Number of asset objects unloaded after import = 2

========================================================================
Received Import Request.
  Time since last request: 0.000010 seconds.
  path: Packages/com.unity.2d.animation/Editor/Assets/EditorIcons/Selected/Weight_Brush.png
  artifactKey: Guid(bf734b7184825b040837040cb93a8dc7) Importer(815301076,1909f56bfc062723c751e8b465ee728b)
Start importing Packages/com.unity.2d.animation/Editor/Assets/EditorIcons/Selected/Weight_Brush.png using Guid(bf734b7184825b040837040cb93a8dc7) Importer(815301076,1909f56bfc062723c751e8b465ee728b) (PreviewImporter) -> (artifact id: '4648691aa4b51e0a15291495add4b9f4') in 0.0087917 seconds
Number of updated asset objects reloaded before import = 0Number of asset objects unloaded after import = 3

========================================================================
Received Import Request.
  Time since last request: 0.000013 seconds.
  path: Packages/com.unity.visualeffectgraph/Editor/UIResources/VFX/WorldSpace@2x.png
  artifactKey: Guid(8a19afee33330a643a131995224e977d) Importer(815301076,1909f56bfc062723c751e8b465ee728b)
Start importing Packages/com.unity.visualeffectgraph/Editor/UIResources/VFX/WorldSpace@2x.png using Guid(8a19afee33330a643a131995224e977d) Importer(815301076,1909f56bfc062723c751e8b465ee728b) (PreviewImporter) -> (artifact id: '97f55d2b9147a270a889150f68bf3794') in 0.0081944 seconds
Number of updated asset objects reloaded before import = 0Number of asset objects unloaded after import = 2

========================================================================
Received Import Request.
  Time since last request: 0.000013 seconds.
  path: Packages/com.unity.2d.animation/Editor/Assets/EditorIcons/Light/Weight_Brush@4x.png
  artifactKey: Guid(3dd5e5c693a816e4f96b869f6465955b) Importer(815301076,1909f56bfc062723c751e8b465ee728b)
Start importing Packages/com.unity.2d.animation/Editor/Assets/EditorIcons/Light/Weight_Brush@4x.png using Guid(3dd5e5c693a816e4f96b869f6465955b) Importer(815301076,1909f56bfc062723c751e8b465ee728b) (PreviewImporter) -> (artifact id: '488ca7eed94af80711dd4c38b659c3b3') in 0.0118075 seconds
Number of updated asset objects reloaded before import = 0Number of asset objects unloaded after import = 3

========================================================================
Received Import Request.
  Time since last request: 0.000018 seconds.
  path: Packages/com.unity.2d.animation/Editor/Assets/EditorIcons/Light/Weight_Slider@2x.png
  artifactKey: Guid(6306a4776b130304bba7a139fc1d2bb8) Importer(815301076,1909f56bfc062723c751e8b465ee728b)
Start importing Packages/com.unity.2d.animation/Editor/Assets/EditorIcons/Light/Weight_Slider@2x.png using Guid(6306a4776b130304bba7a139fc1d2bb8) Importer(815301076,1909f56bfc062723c751e8b465ee728b) (PreviewImporter) -> (artifact id: 'c17c62c50b449b3b18ba025d1d7057a9') in 0.0101755 seconds
Number of updated asset objects reloaded before import = 0Number of asset objects unloaded after import = 3

========================================================================
Received Import Request.
  Time since last request: 0.000011 seconds.
  path: Packages/com.unity.2d.animation/Editor/Assets/EditorIcons/Selected/Weight_Slider@2x.png
  artifactKey: Guid(7f64a6e091143c0458506b559165cf72) Importer(815301076,1909f56bfc062723c751e8b465ee728b)
Start importing Packages/com.unity.2d.animation/Editor/Assets/EditorIcons/Selected/Weight_Slider@2x.png using Guid(7f64a6e091143c0458506b559165cf72) Importer(815301076,1909f56bfc062723c751e8b465ee728b) (PreviewImporter) -> (artifact id: '74df1f0fd5cc8c795012113a96862ae3') in 0.0086211 seconds
Number of updated asset objects reloaded before import = 0Number of asset objects unloaded after import = 3

========================================================================
Received Import Request.
  Time since last request: 0.000012 seconds.
  path: Packages/com.unity.2d.animation/Editor/Assets/EditorIcons/Light/Warning.png
  artifactKey: Guid(ecff197e49b7c4a8c8431746d97f9b2d) Importer(815301076,1909f56bfc062723c751e8b465ee728b)
Start importing Packages/com.unity.2d.animation/Editor/Assets/EditorIcons/Light/Warning.png using Guid(ecff197e49b7c4a8c8431746d97f9b2d) Importer(815301076,1909f56bfc062723c751e8b465ee728b) (PreviewImporter) -> (artifact id: 'c07652c1c1e833deecb1249e29c777ff') in 0.0085492 seconds
Number of updated asset objects reloaded before import = 0Number of asset objects unloaded after import = 3

========================================================================
Received Import Request.
  Time since last request: 0.000011 seconds.
  path: Packages/com.unity.2d.animation/Editor/Assets/EditorIcons/Light/Warning@2x.png
  artifactKey: Guid(3233afe4c448d4eb198cfb1ca54feb3b) Importer(815301076,1909f56bfc062723c751e8b465ee728b)
Start importing Packages/com.unity.2d.animation/Editor/Assets/EditorIcons/Light/Warning@2x.png using Guid(3233afe4c448d4eb198cfb1ca54feb3b) Importer(815301076,1909f56bfc062723c751e8b465ee728b) (PreviewImporter) -> (artifact id: 'd168cacd13267b8b5e6c3e42af5eda6f') in 0.0094049 seconds
Number of updated asset objects reloaded before import = 0Number of asset objects unloaded after import = 3

========================================================================
Received Import Request.
  Time since last request: 0.000012 seconds.
  path: Packages/com.unity.2d.animation/Editor/Assets/EditorIcons/Selected/Weight_Slider@4x.png
  artifactKey: Guid(ac47ed8ccc79cf04dae198b9cc5b3a6f) Importer(815301076,1909f56bfc062723c751e8b465ee728b)
Start importing Packages/com.unity.2d.animation/Editor/Assets/EditorIcons/Selected/Weight_Slider@4x.png using Guid(ac47ed8ccc79cf04dae198b9cc5b3a6f) Importer(815301076,1909f56bfc062723c751e8b465ee728b) (PreviewImporter) -> (artifact id: '817c0a21e372ccb457aa805ce450e1f1') in 0.0102555 seconds
Number of updated asset objects reloaded before import = 0Number of asset objects unloaded after import = 3

========================================================================
Received Import Request.
  Time since last request: 0.000013 seconds.
  path: Packages/com.unity.render-pipelines.core/Editor/Icons/MipLevels/VolumeProfile@16.png
  artifactKey: Guid(9109dcac13c1b6a4cadf6e9e63be42f7) Importer(815301076,1909f56bfc062723c751e8b465ee728b)
Start importing Packages/com.unity.render-pipelines.core/Editor/Icons/MipLevels/VolumeProfile@16.png using Guid(9109dcac13c1b6a4cadf6e9e63be42f7) Importer(815301076,1909f56bfc062723c751e8b465ee728b) (PreviewImporter) -> (artifact id: '7997ca325f4ce85b09625f064a921b30') in 0.0085012 seconds
Number of updated asset objects reloaded before import = 0Number of asset objects unloaded after import = 2

Editor requested this worker to shutdown with reason: Scaling down because of idle timeout
AssetImportWorker is now disconnected from the server
Process exiting
Exiting without the bug reporter. Application will terminate with return code 0